Files results/pwd.sh.out and results/pwd.sh.test differ
Incorrect output.
Incorrect output.
Incorrect output.
Incorrect output.
ls: cannot access '4': No such file or directory
ls: cannot access '=': No such file or directory
ls: cannot access 'RUST/teme/tema-1/rustybox-TrifanBogdan24/tests/lstest': No such file or directory
Files results/ls_file.sh.out and results/ls_file.sh.test differ
Files results/invalid_chmod.sh.out and results/invalid_chmod.sh.test differ
Files results/invalid_command.sh.out and results/invalid_command.sh.test differ
Files results/invalid_parameters2.sh.out and results/invalid_parameters2.sh.test differ
Files results/invalid_parameters.sh.out and results/invalid_parameters.sh.test differ
Incorrect output.
Incorrect output.
Error: ENOENT: no such file or directory, access 'harry'
    at Object.accessSync (fs.js:208:3)
    at Object.<anonymous> (/home/bogdan/Documents/INFORMATICĂ/Facultate/PCLP 4 = RUST/teme/tema-1/rustybox-TrifanBogdan24/tests/verify/mkdir/mkdir.js:7:12)
    at Module._compile (internal/modules/cjs/loader.js:999:30)
    at Object.Module._extensions..js (internal/modules/cjs/loader.js:1027:10)
    at Module.load (internal/modules/cjs/loader.js:863:32)
    at Function.Module._load (internal/modules/cjs/loader.js:708:14)
    at Function.executeUserEntryPoint [as runMain] (internal/modules/run_main.js:60:12)
    at internal/main/run_main_module.js:17:47 {
  errno: -2,
  syscall: 'access',
  code: 'ENOENT',
  path: 'harry'
}
Error: ENOENT: no such file or directory, access 'output/harry'
    at Object.accessSync (fs.js:208:3)
    at Object.<anonymous> (/home/bogdan/Documents/INFORMATICĂ/Facultate/PCLP 4 = RUST/teme/tema-1/rustybox-TrifanBogdan24/tests/verify/mkdir/mkdir.js:7:12)
    at Module._compile (internal/modules/cjs/loader.js:999:30)
    at Object.Module._extensions..js (internal/modules/cjs/loader.js:1027:10)
    at Module.load (internal/modules/cjs/loader.js:863:32)
    at Function.Module._load (internal/modules/cjs/loader.js:708:14)
    at Function.executeUserEntryPoint [as runMain] (internal/modules/run_main.js:60:12)
    at internal/main/run_main_module.js:17:47 {
  errno: -2,
  syscall: 'access',
  code: 'ENOENT',
  path: 'output/harry'
}
rm: cannot remove '/home/bogdan/Documents/INFORMATICĂ/Facultate/PCLP': Directory not empty
Error: ENOENT: no such file or directory, access 'output/harry'
    at Object.accessSync (fs.js:208:3)
    at Object.<anonymous> (/home/bogdan/Documents/INFORMATICĂ/Facultate/PCLP 4 = RUST/teme/tema-1/rustybox-TrifanBogdan24/tests/verify/mkdir/mkdir.js:7:12)
    at Module._compile (internal/modules/cjs/loader.js:999:30)
    at Object.Module._extensions..js (internal/modules/cjs/loader.js:1027:10)
    at Module.load (internal/modules/cjs/loader.js:863:32)
    at Function.Module._load (internal/modules/cjs/loader.js:708:14)
    at Function.executeUserEntryPoint [as runMain] (internal/modules/run_main.js:60:12)
    at internal/main/run_main_module.js:17:47 {
  errno: -2,
  syscall: 'access',
  code: 'ENOENT',
  path: 'output/harry'
}
Error: ENOENT: no such file or directory, access 'harry potter'
    at Object.accessSync (fs.js:208:3)
    at Object.<anonymous> (/home/bogdan/Documents/INFORMATICĂ/Facultate/PCLP 4 = RUST/teme/tema-1/rustybox-TrifanBogdan24/tests/verify/mkdir/mkdir.js:7:12)
    at Module._compile (internal/modules/cjs/loader.js:999:30)
    at Object.Module._extensions..js (internal/modules/cjs/loader.js:1027:10)
    at Module.load (internal/modules/cjs/loader.js:863:32)
    at Function.Module._load (internal/modules/cjs/loader.js:708:14)
    at Function.executeUserEntryPoint [as runMain] (internal/modules/run_main.js:60:12)
    at internal/main/run_main_module.js:17:47 {
  errno: -2,
  syscall: 'access',
  code: 'ENOENT',
  path: 'harry potter'
}
Numarul de argumente in linia de comanda : 3
Numarul de argumente in linia de comanda : 3
Numele executabilului : rustybox
Argumentul 0 = rustybox
Argumentul 1 = touch
Argumentul 2 = my_super_file
rm: cannot remove 'my_super_file': No such file or directory
cat: results/touch_no_create_new.sh.out: No such file or directory
Error: ENOENT: no such file or directory, stat 'ln_lnfile'
    at Object.statSync (fs.js:1016:3)
    at Object.<anonymous> (/home/bogdan/Documents/INFORMATICĂ/Facultate/PCLP 4 = RUST/teme/tema-1/rustybox-TrifanBogdan24/tests/verify/ln/ln.js:33:27)
    at Module._compile (internal/modules/cjs/loader.js:999:30)
    at Object.Module._extensions..js (internal/modules/cjs/loader.js:1027:10)
    at Module.load (internal/modules/cjs/loader.js:863:32)
    at Function.Module._load (internal/modules/cjs/loader.js:708:14)
    at Function.executeUserEntryPoint [as runMain] (internal/modules/run_main.js:60:12)
    at internal/main/run_main_module.js:17:47 {
  errno: -2,
  syscall: 'stat',
  code: 'ENOENT',
  path: 'ln_lnfile'
}
Error: ENOENT: no such file or directory, lstat 'ln_lnfile'
    at Object.lstatSync (fs.js:1007:3)
    at Object.<anonymous> (/home/bogdan/Documents/INFORMATICĂ/Facultate/PCLP 4 = RUST/teme/tema-1/rustybox-TrifanBogdan24/tests/verify/ln/ln.js:9:27)
    at Module._compile (internal/modules/cjs/loader.js:999:30)
    at Object.Module._extensions..js (internal/modules/cjs/loader.js:1027:10)
    at Module.load (internal/modules/cjs/loader.js:863:32)
    at Function.Module._load (internal/modules/cjs/loader.js:708:14)
    at Function.executeUserEntryPoint [as runMain] (internal/modules/run_main.js:60:12)
    at internal/main/run_main_module.js:17:47 {
  errno: -2,
  syscall: 'lstat',
  code: 'ENOENT',
  path: 'ln_lnfile'
}
Files results/echo_multiple.sh.out and results/echo_multiple.sh.test differ
Files results/echo_newline_multiple.sh.out and results/echo_newline_multiple.sh.test differ
Files results/echo_newline_simple.sh.out and results/echo_newline_simple.sh.test differ
Files results/echo_simple.sh.out and results/echo_simple.sh.test differ
Files results/echo_spaces.sh.out and results/echo_spaces.sh.test differ
Incorrect output.
Incorrect output.
Incorrect output.
ls: cannot access '4': No such file or directory
ls: cannot access '=': No such file or directory
ls: cannot access 'RUST/teme/tema-1/rustybox-TrifanBogdan24/tests/lstest': No such file or directory
Files results/ls_file.sh.out and results/ls_file.sh.test differ
Files results/invalid_chmod.sh.out and results/invalid_chmod.sh.test differ
Files results/invalid_command.sh.out and results/invalid_command.sh.test differ
Files results/invalid_parameters2.sh.out and results/invalid_parameters2.sh.test differ
Files results/invalid_parameters.sh.out and results/invalid_parameters.sh.test differ
rm: cannot remove '/home/bogdan/Documents/INFORMATICĂ/Facultate/PCLP': Directory not empty
thread 'main' panicked at src/main.rs:220:5:
not yet implemented
note: run with `RUST_BACKTRACE=1` environment variable to display a backtrace
cat: results/touch_no_create_new.sh.out: No such file or directory
Files output/testmv and output/bender differ
Incorrect output.
Incorrect output.
Incorrect output.
ls: cannot access '4': No such file or directory
ls: cannot access '=': No such file or directory
ls: cannot access 'RUST/teme/tema-1/rustybox-TrifanBogdan24/tests/lstest': No such file or directory
Files results/ls_file.sh.out and results/ls_file.sh.test differ
Files results/invalid_chmod.sh.out and results/invalid_chmod.sh.test differ
Files results/invalid_command.sh.out and results/invalid_command.sh.test differ
Files results/invalid_parameters2.sh.out and results/invalid_parameters2.sh.test differ
Files results/invalid_parameters.sh.out and results/invalid_parameters.sh.test differ
rm: cannot remove '/home/bogdan/Documents/INFORMATICĂ/Facultate/PCLP': Directory not empty
thread 'main' panicked at src/main.rs:215:5:
not yet implemented
note: run with `RUST_BACKTRACE=1` environment variable to display a backtrace
cat: results/touch_no_create_new.sh.out: No such file or directory
Files output/testmv and output/bender differ
Incorrect output.
Incorrect output.
Incorrect output.
ls: cannot access '4': No such file or directory
ls: cannot access '=': No such file or directory
ls: cannot access 'RUST/teme/tema-1/rustybox-TrifanBogdan24/tests/lstest': No such file or directory
Files results/ls_file.sh.out and results/ls_file.sh.test differ
Files results/invalid_chmod.sh.out and results/invalid_chmod.sh.test differ
Files results/invalid_command.sh.out and results/invalid_command.sh.test differ
Files results/invalid_parameters2.sh.out and results/invalid_parameters2.sh.test differ
Files results/invalid_parameters.sh.out and results/invalid_parameters.sh.test differ
rm: cannot remove '/home/bogdan/Documents/INFORMATICĂ/Facultate/PCLP': Directory not empty
thread 'main' panicked at src/main.rs:215:5:
not yet implemented
note: run with `RUST_BACKTRACE=1` environment variable to display a backtrace
cat: results/touch_no_create_new.sh.out: No such file or directory
Files output/testmv and output/bender differ
Incorrect output.
Incorrect output.
Incorrect output.
ls: cannot access '4': No such file or directory
ls: cannot access '=': No such file or directory
ls: cannot access 'RUST/teme/tema-1/rustybox-TrifanBogdan24/tests/lstest': No such file or directory
Files results/ls_file.sh.out and results/ls_file.sh.test differ
Files results/invalid_chmod.sh.out and results/invalid_chmod.sh.test differ
Files results/invalid_command.sh.out and results/invalid_command.sh.test differ
Files results/invalid_parameters2.sh.out and results/invalid_parameters2.sh.test differ
Files results/invalid_parameters.sh.out and results/invalid_parameters.sh.test differ
rm: cannot remove '/home/bogdan/Documents/INFORMATICĂ/Facultate/PCLP': Directory not empty
thread 'main' panicked at src/main.rs:215:5:
not yet implemented
note: run with `RUST_BACKTRACE=1` environment variable to display a backtrace
cat: results/touch_no_create_new.sh.out: No such file or directory
Files output/testmv and output/bender differ
Incorrect output.
Incorrect output.
Incorrect output.
ls: cannot access '4': No such file or directory
ls: cannot access '=': No such file or directory
ls: cannot access 'RUST/teme/tema-1/rustybox-TrifanBogdan24/tests/lstest': No such file or directory
Files results/ls_file.sh.out and results/ls_file.sh.test differ
Files results/invalid_chmod.sh.out and results/invalid_chmod.sh.test differ
Files results/invalid_command.sh.out and results/invalid_command.sh.test differ
Files results/invalid_parameters2.sh.out and results/invalid_parameters2.sh.test differ
Files results/invalid_parameters.sh.out and results/invalid_parameters.sh.test differ
rm: cannot remove '/home/bogdan/Documents/INFORMATICĂ/Facultate/PCLP': Directory not empty
thread 'main' panicked at src/main.rs:210:5:
not yet implemented
note: run with `RUST_BACKTRACE=1` environment variable to display a backtrace
cat: results/touch_no_create_new.sh.out: No such file or directory
Files output/testmv and output/bender differ
Incorrect output.
Incorrect output.
Incorrect output.
ls: cannot access '4': No such file or directory
ls: cannot access '=': No such file or directory
ls: cannot access 'RUST/teme/tema-1/rustybox-TrifanBogdan24/tests/lstest': No such file or directory
Files results/ls_file.sh.out and results/ls_file.sh.test differ
Files results/invalid_chmod.sh.out and results/invalid_chmod.sh.test differ
Files results/invalid_command.sh.out and results/invalid_command.sh.test differ
Files results/invalid_parameters2.sh.out and results/invalid_parameters2.sh.test differ
Files results/invalid_parameters.sh.out and results/invalid_parameters.sh.test differ
rm: cannot remove '/home/bogdan/Documents/INFORMATICĂ/Facultate/PCLP': Directory not empty
thread 'main' panicked at src/main.rs:210:5:
not yet implemented
note: run with `RUST_BACKTRACE=1` environment variable to display a backtrace
cat: results/touch_no_create_new.sh.out: No such file or directory
Files output/testmv and output/bender differ
Incorrect output.
Incorrect output.
Incorrect output.
ls: cannot access '4': No such file or directory
ls: cannot access '=': No such file or directory
ls: cannot access 'RUST/teme/tema-1/rustybox-TrifanBogdan24/tests/lstest': No such file or directory
Files results/ls_file.sh.out and results/ls_file.sh.test differ
Files results/invalid_chmod.sh.out and results/invalid_chmod.sh.test differ
Files results/invalid_command.sh.out and results/invalid_command.sh.test differ
Files results/invalid_parameters2.sh.out and results/invalid_parameters2.sh.test differ
Files results/invalid_parameters.sh.out and results/invalid_parameters.sh.test differ
rm: cannot remove '/home/bogdan/Documents/INFORMATICĂ/Facultate/PCLP': Directory not empty
thread 'main' panicked at src/main.rs:209:5:
not yet implemented
note: run with `RUST_BACKTRACE=1` environment variable to display a backtrace
cat: results/touch_no_create_new.sh.out: No such file or directory
Files output/testmv and output/bender differ
Incorrect output.
Incorrect output.
Incorrect output.
ls: cannot access '4': No such file or directory
ls: cannot access '=': No such file or directory
ls: cannot access 'RUST/teme/tema-1/rustybox-TrifanBogdan24/tests/lstest': No such file or directory
Files results/ls_file.sh.out and results/ls_file.sh.test differ
Files results/invalid_chmod.sh.out and results/invalid_chmod.sh.test differ
Files results/invalid_command.sh.out and results/invalid_command.sh.test differ
Files results/invalid_parameters2.sh.out and results/invalid_parameters2.sh.test differ
Files results/invalid_parameters.sh.out and results/invalid_parameters.sh.test differ
rm: cannot remove '/home/bogdan/Documents/INFORMATICĂ/Facultate/PCLP': Directory not empty
thread 'main' panicked at src/main.rs:209:5:
not yet implemented
note: run with `RUST_BACKTRACE=1` environment variable to display a backtrace
cat: results/touch_no_create_new.sh.out: No such file or directory
Files output/testmv and output/bender differ
Incorrect output.
Incorrect output.
Incorrect output.
ls: cannot access '4': No such file or directory
ls: cannot access '=': No such file or directory
ls: cannot access 'RUST/teme/tema-1/rustybox-TrifanBogdan24/tests/lstest': No such file or directory
Files results/ls_file.sh.out and results/ls_file.sh.test differ
Files results/invalid_chmod.sh.out and results/invalid_chmod.sh.test differ
Files results/invalid_command.sh.out and results/invalid_command.sh.test differ
Files results/invalid_parameters2.sh.out and results/invalid_parameters2.sh.test differ
Files results/invalid_parameters.sh.out and results/invalid_parameters.sh.test differ
rm: cannot remove '/home/bogdan/Documents/INFORMATICĂ/Facultate/PCLP': Directory not empty
thread 'main' panicked at src/main.rs:209:5:
not yet implemented
note: run with `RUST_BACKTRACE=1` environment variable to display a backtrace
cat: results/touch_no_create_new.sh.out: No such file or directory
Files output/testmv and output/bender differ
Incorrect output.
Incorrect output.
Incorrect output.
ls: cannot access '4': No such file or directory
ls: cannot access '=': No such file or directory
ls: cannot access 'RUST/teme/tema-1/rustybox-TrifanBogdan24/tests/lstest': No such file or directory
Files results/ls_file.sh.out and results/ls_file.sh.test differ
Files results/invalid_chmod.sh.out and results/invalid_chmod.sh.test differ
Files results/invalid_command.sh.out and results/invalid_command.sh.test differ
Files results/invalid_parameters2.sh.out and results/invalid_parameters2.sh.test differ
Files results/invalid_parameters.sh.out and results/invalid_parameters.sh.test differ
rm: cannot remove '/home/bogdan/Documents/INFORMATICĂ/Facultate/PCLP': Directory not empty
thread 'main' panicked at src/main.rs:209:5:
not yet implemented
note: run with `RUST_BACKTRACE=1` environment variable to display a backtrace
cat: results/touch_no_create_new.sh.out: No such file or directory
Files output/testmv and output/bender differ
Incorrect output.
Incorrect output.
Incorrect output.
ls: cannot access '4': No such file or directory
ls: cannot access '=': No such file or directory
ls: cannot access 'RUST/teme/tema-1/rustybox-TrifanBogdan24/tests/lstest': No such file or directory
Files results/ls_file.sh.out and results/ls_file.sh.test differ
Files results/invalid_chmod.sh.out and results/invalid_chmod.sh.test differ
Files results/invalid_command.sh.out and results/invalid_command.sh.test differ
Files results/invalid_parameters2.sh.out and results/invalid_parameters2.sh.test differ
Files results/invalid_parameters.sh.out and results/invalid_parameters.sh.test differ
rm: cannot remove '/home/bogdan/Documents/INFORMATICĂ/Facultate/PCLP': Directory not empty
thread 'main' panicked at src/main.rs:209:5:
not yet implemented
note: run with `RUST_BACKTRACE=1` environment variable to display a backtrace
cat: results/touch_no_create_new.sh.out: No such file or directory
Files output/testmv and output/bender differ
Incorrect output.
Incorrect output.
Incorrect output.
ls: cannot access '4': No such file or directory
ls: cannot access '=': No such file or directory
ls: cannot access 'RUST/teme/tema-1/rustybox-TrifanBogdan24/tests/lstest': No such file or directory
Files results/ls_file.sh.out and results/ls_file.sh.test differ
Files results/invalid_chmod.sh.out and results/invalid_chmod.sh.test differ
Files results/invalid_command.sh.out and results/invalid_command.sh.test differ
Files results/invalid_parameters2.sh.out and results/invalid_parameters2.sh.test differ
Files results/invalid_parameters.sh.out and results/invalid_parameters.sh.test differ
rm: cannot remove '/home/bogdan/Documents/INFORMATICĂ/Facultate/PCLP': Directory not empty
thread 'main' panicked at src/main.rs:209:5:
not yet implemented
note: run with `RUST_BACKTRACE=1` environment variable to display a backtrace
cat: results/touch_no_create_new.sh.out: No such file or directory
Files output/testmv and output/bender differ
Incorrect output.
Incorrect output.
Incorrect output.
ls: cannot access '4': No such file or directory
ls: cannot access '=': No such file or directory
ls: cannot access 'RUST/teme/tema-1/rustybox-TrifanBogdan24/tests/lstest': No such file or directory
Files results/ls_file.sh.out and results/ls_file.sh.test differ
Files results/invalid_chmod.sh.out and results/invalid_chmod.sh.test differ
Files results/invalid_command.sh.out and results/invalid_command.sh.test differ
Files results/invalid_parameters2.sh.out and results/invalid_parameters2.sh.test differ
Files results/invalid_parameters.sh.out and results/invalid_parameters.sh.test differ
rm: cannot remove '/home/bogdan/Documents/INFORMATICĂ/Facultate/PCLP': Directory not empty
thread 'main' panicked at src/main.rs:209:5:
not yet implemented
note: run with `RUST_BACKTRACE=1` environment variable to display a backtrace
cat: results/touch_no_create_new.sh.out: No such file or directory
Files output/testmv and output/bender differ
Incorrect output.
Incorrect output.
Incorrect output.
ls: cannot access '4': No such file or directory
ls: cannot access '=': No such file or directory
ls: cannot access 'RUST/teme/tema-1/rustybox-TrifanBogdan24/tests/lstest': No such file or directory
Files results/ls_file.sh.out and results/ls_file.sh.test differ
Files results/invalid_chmod.sh.out and results/invalid_chmod.sh.test differ
Files results/invalid_command.sh.out and results/invalid_command.sh.test differ
Files results/invalid_parameters2.sh.out and results/invalid_parameters2.sh.test differ
Files results/invalid_parameters.sh.out and results/invalid_parameters.sh.test differ
rm: cannot remove '/home/bogdan/Documents/INFORMATICĂ/Facultate/PCLP': Directory not empty
thread 'main' panicked at src/main.rs:209:5:
not yet implemented
note: run with `RUST_BACKTRACE=1` environment variable to display a backtrace
cat: results/touch_no_create_new.sh.out: No such file or directory
Files output/testmv and output/bender differ
Incorrect output.
Incorrect output.
Incorrect output.
ls: cannot access '4': No such file or directory
ls: cannot access '=': No such file or directory
ls: cannot access 'RUST/teme/tema-1/rustybox-TrifanBogdan24/tests/lstest': No such file or directory
Files results/ls_file.sh.out and results/ls_file.sh.test differ
Files results/invalid_chmod.sh.out and results/invalid_chmod.sh.test differ
Files results/invalid_command.sh.out and results/invalid_command.sh.test differ
Files results/invalid_parameters2.sh.out and results/invalid_parameters2.sh.test differ
Files results/invalid_parameters.sh.out and results/invalid_parameters.sh.test differ
rm: cannot remove '/home/bogdan/Documents/INFORMATICĂ/Facultate/PCLP': Directory not empty
thread 'main' panicked at src/main.rs:209:5:
not yet implemented
note: run with `RUST_BACKTRACE=1` environment variable to display a backtrace
cat: results/touch_no_create_new.sh.out: No such file or directory
Files output/testmv and output/bender differ
Incorrect output.
Incorrect output.
Incorrect output.
ls: cannot access '4': No such file or directory
ls: cannot access '=': No such file or directory
ls: cannot access 'RUST/teme/tema-1/rustybox-TrifanBogdan24/tests/lstest': No such file or directory
Files results/ls_file.sh.out and results/ls_file.sh.test differ
Files results/invalid_chmod.sh.out and results/invalid_chmod.sh.test differ
Files results/invalid_command.sh.out and results/invalid_command.sh.test differ
Files results/invalid_parameters2.sh.out and results/invalid_parameters2.sh.test differ
Files results/invalid_parameters.sh.out and results/invalid_parameters.sh.test differ
rm: cannot remove '/home/bogdan/Documents/INFORMATICĂ/Facultate/PCLP': Directory not empty
thread 'main' panicked at src/main.rs:209:5:
not yet implemented
note: run with `RUST_BACKTRACE=1` environment variable to display a backtrace
cat: results/touch_no_create_new.sh.out: No such file or directory
Files output/testmv and output/bender differ
Incorrect output.
Incorrect output.
Incorrect output.
ls: cannot access '4': No such file or directory
ls: cannot access '=': No such file or directory
ls: cannot access 'RUST/teme/tema-1/rustybox-TrifanBogdan24/tests/lstest': No such file or directory
Files results/ls_file.sh.out and results/ls_file.sh.test differ
Files results/invalid_chmod.sh.out and results/invalid_chmod.sh.test differ
Files results/invalid_command.sh.out and results/invalid_command.sh.test differ
Files results/invalid_parameters2.sh.out and results/invalid_parameters2.sh.test differ
Files results/invalid_parameters.sh.out and results/invalid_parameters.sh.test differ
rm: cannot remove '/home/bogdan/Documents/INFORMATICĂ/Facultate/PCLP': Directory not empty
thread 'main' panicked at src/main.rs:209:5:
not yet implemented
note: run with `RUST_BACKTRACE=1` environment variable to display a backtrace
cat: results/touch_no_create_new.sh.out: No such file or directory
Files output/testmv and output/bender differ
Incorrect output.
Incorrect output.
Incorrect output.
ls: cannot access '4': No such file or directory
ls: cannot access '=': No such file or directory
ls: cannot access 'RUST/teme/tema-1/rustybox-TrifanBogdan24/tests/lstest': No such file or directory
Files results/ls_file.sh.out and results/ls_file.sh.test differ
Files results/invalid_chmod.sh.out and results/invalid_chmod.sh.test differ
Files results/invalid_command.sh.out and results/invalid_command.sh.test differ
Files results/invalid_parameters2.sh.out and results/invalid_parameters2.sh.test differ
Files results/invalid_parameters.sh.out and results/invalid_parameters.sh.test differ
rm: cannot remove '/home/bogdan/Documents/INFORMATICĂ/Facultate/PCLP': Directory not empty
thread 'main' panicked at src/main.rs:209:5:
not yet implemented
note: run with `RUST_BACKTRACE=1` environment variable to display a backtrace
cat: results/touch_no_create_new.sh.out: No such file or directory
Files output/testmv and output/bender differ
Incorrect output.
Incorrect output.
Incorrect output.
ls: cannot access '4': No such file or directory
ls: cannot access '=': No such file or directory
ls: cannot access 'RUST/teme/tema-1/rustybox-TrifanBogdan24/tests/lstest': No such file or directory
Files results/ls_file.sh.out and results/ls_file.sh.test differ
Files results/invalid_chmod.sh.out and results/invalid_chmod.sh.test differ
Files results/invalid_command.sh.out and results/invalid_command.sh.test differ
Files results/invalid_parameters2.sh.out and results/invalid_parameters2.sh.test differ
Files results/invalid_parameters.sh.out and results/invalid_parameters.sh.test differ
rm: cannot remove '/home/bogdan/Documents/INFORMATICĂ/Facultate/PCLP': Directory not empty
thread 'main' panicked at src/main.rs:209:5:
not yet implemented
note: run with `RUST_BACKTRACE=1` environment variable to display a backtrace
cat: results/touch_no_create_new.sh.out: No such file or directory
Files output/testmv and output/bender differ
Incorrect output.
Incorrect output.
Incorrect output.
ls: cannot access '4': No such file or directory
ls: cannot access '=': No such file or directory
ls: cannot access 'RUST/teme/tema-1/rustybox-TrifanBogdan24/tests/lstest': No such file or directory
Files results/ls_file.sh.out and results/ls_file.sh.test differ
Files results/invalid_chmod.sh.out and results/invalid_chmod.sh.test differ
Files results/invalid_command.sh.out and results/invalid_command.sh.test differ
Files results/invalid_parameters2.sh.out and results/invalid_parameters2.sh.test differ
Files results/invalid_parameters.sh.out and results/invalid_parameters.sh.test differ
rm: cannot remove '/home/bogdan/Documents/INFORMATICĂ/Facultate/PCLP': Directory not empty
thread 'main' panicked at src/main.rs:209:5:
not yet implemented
note: run with `RUST_BACKTRACE=1` environment variable to display a backtrace
cat: results/touch_no_create_new.sh.out: No such file or directory
Files output/testmv and output/bender differ
Incorrect output.
Incorrect output.
Incorrect output.
ls: cannot access '4': No such file or directory
ls: cannot access '=': No such file or directory
ls: cannot access 'RUST/teme/tema-1/rustybox-TrifanBogdan24/tests/lstest': No such file or directory
Files results/ls_file.sh.out and results/ls_file.sh.test differ
Files results/invalid_chmod.sh.out and results/invalid_chmod.sh.test differ
Files results/invalid_command.sh.out and results/invalid_command.sh.test differ
Files results/invalid_parameters2.sh.out and results/invalid_parameters2.sh.test differ
Files results/invalid_parameters.sh.out and results/invalid_parameters.sh.test differ
rm: cannot remove '/home/bogdan/Documents/INFORMATICĂ/Facultate/PCLP': Directory not empty
thread 'main' panicked at src/main.rs:208:5:
not yet implemented
note: run with `RUST_BACKTRACE=1` environment variable to display a backtrace
cat: results/touch_no_create_new.sh.out: No such file or directory
Files output/testmv and output/bender differ
Incorrect output.
Incorrect output.
Incorrect output.
ls: cannot access '4': No such file or directory
ls: cannot access '=': No such file or directory
ls: cannot access 'RUST/teme/tema-1/rustybox-TrifanBogdan24/tests/lstest': No such file or directory
Files results/ls_file.sh.out and results/ls_file.sh.test differ
Files results/invalid_chmod.sh.out and results/invalid_chmod.sh.test differ
Files results/invalid_command.sh.out and results/invalid_command.sh.test differ
Files results/invalid_parameters2.sh.out and results/invalid_parameters2.sh.test differ
Files results/invalid_parameters.sh.out and results/invalid_parameters.sh.test differ
rm: cannot remove '/home/bogdan/Documents/INFORMATICĂ/Facultate/PCLP': Directory not empty
thread 'main' panicked at src/main.rs:178:5:
not yet implemented
note: run with `RUST_BACKTRACE=1` environment variable to display a backtrace
cat: results/touch_no_create_new.sh.out: No such file or directory
Files output/testmv and output/bender differ
Incorrect output.
Incorrect output.
Incorrect output.
ls: cannot access '4': No such file or directory
ls: cannot access '=': No such file or directory
ls: cannot access 'RUST/teme/tema-1/rustybox-TrifanBogdan24/tests/lstest': No such file or directory
Files results/ls_file.sh.out and results/ls_file.sh.test differ
Files results/invalid_chmod.sh.out and results/invalid_chmod.sh.test differ
Files results/invalid_command.sh.out and results/invalid_command.sh.test differ
Files results/invalid_parameters2.sh.out and results/invalid_parameters2.sh.test differ
Files results/invalid_parameters.sh.out and results/invalid_parameters.sh.test differ
rm: cannot remove '/home/bogdan/Documents/INFORMATICĂ/Facultate/PCLP': Directory not empty
thread 'main' panicked at src/main.rs:209:5:
not yet implemented
note: run with `RUST_BACKTRACE=1` environment variable to display a backtrace
cat: results/touch_no_create_new.sh.out: No such file or directory
Files output/testmv and output/bender differ
Incorrect output.
Incorrect output.
Incorrect output.
ls: cannot access '4': No such file or directory
ls: cannot access '=': No such file or directory
ls: cannot access 'RUST/teme/tema-1/rustybox-TrifanBogdan24/tests/lstest': No such file or directory
Files results/ls_file.sh.out and results/ls_file.sh.test differ
Files results/invalid_chmod.sh.out and results/invalid_chmod.sh.test differ
Files results/invalid_command.sh.out and results/invalid_command.sh.test differ
Files results/invalid_parameters2.sh.out and results/invalid_parameters2.sh.test differ
Files results/invalid_parameters.sh.out and results/invalid_parameters.sh.test differ
rm: cannot remove '/home/bogdan/Documents/INFORMATICĂ/Facultate/PCLP': Directory not empty
thread 'main' panicked at src/main.rs:209:5:
not yet implemented
note: run with `RUST_BACKTRACE=1` environment variable to display a backtrace
cat: results/touch_no_create_new.sh.out: No such file or directory
Files output/testmv and output/bender differ
Incorrect output.
Incorrect output.
Incorrect output.
ls: cannot access '4': No such file or directory
ls: cannot access '=': No such file or directory
ls: cannot access 'RUST/teme/tema-1/rustybox-TrifanBogdan24/tests/lstest': No such file or directory
Files results/ls_file.sh.out and results/ls_file.sh.test differ
Files results/invalid_chmod.sh.out and results/invalid_chmod.sh.test differ
Files results/invalid_command.sh.out and results/invalid_command.sh.test differ
Files results/invalid_parameters2.sh.out and results/invalid_parameters2.sh.test differ
Files results/invalid_parameters.sh.out and results/invalid_parameters.sh.test differ
rm: cannot remove '/home/bogdan/Documents/INFORMATICĂ/Facultate/PCLP': Directory not empty
thread 'main' panicked at src/main.rs:208:5:
not yet implemented
note: run with `RUST_BACKTRACE=1` environment variable to display a backtrace
cat: results/touch_no_create_new.sh.out: No such file or directory
Files output/testmv and output/bender differ
Incorrect output.
Incorrect output.
Incorrect output.
Incorrect output.
Incorrect output.
ls: cannot access '4': No such file or directory
ls: cannot access '=': No such file or directory
ls: cannot access 'RUST/teme/tema-1/rustybox-TrifanBogdan24/tests/lstest': No such file or directory
Files results/ls_file.sh.out and results/ls_file.sh.test differ
Files results/invalid_chmod.sh.out and results/invalid_chmod.sh.test differ
Files results/invalid_command.sh.out and results/invalid_command.sh.test differ
Files results/invalid_parameters2.sh.out and results/invalid_parameters2.sh.test differ
Files results/invalid_parameters.sh.out and results/invalid_parameters.sh.test differ
rm: cannot remove '/home/bogdan/Documents/INFORMATICĂ/Facultate/PCLP': Directory not empty
thread 'main' panicked at src/main.rs:285:5:
not yet implemented
note: run with `RUST_BACKTRACE=1` environment variable to display a backtrace
cat: results/touch_no_create_new.sh.out: No such file or directory
Files output/testmv and output/bender differ
Incorrect output.
Incorrect output.
Incorrect output.
ls: cannot access '4': No such file or directory
ls: cannot access '=': No such file or directory
ls: cannot access 'RUST/teme/tema-1/rustybox-TrifanBogdan24/tests/lstest': No such file or directory
Files results/ls_file.sh.out and results/ls_file.sh.test differ
Files results/invalid_chmod.sh.out and results/invalid_chmod.sh.test differ
Files results/invalid_command.sh.out and results/invalid_command.sh.test differ
Files results/invalid_parameters2.sh.out and results/invalid_parameters2.sh.test differ
Files results/invalid_parameters.sh.out and results/invalid_parameters.sh.test differ
rm: cannot remove '/home/bogdan/Documents/INFORMATICĂ/Facultate/PCLP': Directory not empty
thread 'main' panicked at src/main.rs:287:5:
not yet implemented
note: run with `RUST_BACKTRACE=1` environment variable to display a backtrace
cat: results/touch_no_create_new.sh.out: No such file or directory
Files output/testmv and output/bender differ
Incorrect output.
Incorrect output.
Incorrect output.
ls: cannot access '4': No such file or directory
ls: cannot access '=': No such file or directory
ls: cannot access 'RUST/teme/tema-1/rustybox-TrifanBogdan24/tests/lstest': No such file or directory
Files results/ls_file.sh.out and results/ls_file.sh.test differ
Files results/invalid_chmod.sh.out and results/invalid_chmod.sh.test differ
Files results/invalid_command.sh.out and results/invalid_command.sh.test differ
Files results/invalid_parameters2.sh.out and results/invalid_parameters2.sh.test differ
Files results/invalid_parameters.sh.out and results/invalid_parameters.sh.test differ
rm: cannot remove '/home/bogdan/Documents/INFORMATICĂ/Facultate/PCLP': Directory not empty
thread 'main' panicked at src/main.rs:290:5:
not yet implemented
note: run with `RUST_BACKTRACE=1` environment variable to display a backtrace
cat: results/touch_no_create_new.sh.out: No such file or directory
Files output/testmv and output/bender differ
Incorrect output.
Incorrect output.
Incorrect output.
ls: cannot access '4': No such file or directory
ls: cannot access '=': No such file or directory
ls: cannot access 'RUST/teme/tema-1/rustybox-TrifanBogdan24/tests/lstest': No such file or directory
Files results/ls_file.sh.out and results/ls_file.sh.test differ
Files results/invalid_chmod.sh.out and results/invalid_chmod.sh.test differ
Files results/invalid_command.sh.out and results/invalid_command.sh.test differ
Files results/invalid_parameters2.sh.out and results/invalid_parameters2.sh.test differ
Files results/invalid_parameters.sh.out and results/invalid_parameters.sh.test differ
rm: cannot remove '/home/bogdan/Documents/INFORMATICĂ/Facultate/PCLP': Directory not empty
thread 'main' panicked at src/main.rs:290:5:
not yet implemented
note: run with `RUST_BACKTRACE=1` environment variable to display a backtrace
cat: results/touch_no_create_new.sh.out: No such file or directory
Files output/testmv and output/bender differ
Incorrect output.
Incorrect output.
Incorrect output.
ls: cannot access '4': No such file or directory
ls: cannot access '=': No such file or directory
ls: cannot access 'RUST/teme/tema-1/rustybox-TrifanBogdan24/tests/lstest': No such file or directory
Files results/ls_file.sh.out and results/ls_file.sh.test differ
Files results/invalid_chmod.sh.out and results/invalid_chmod.sh.test differ
Files results/invalid_command.sh.out and results/invalid_command.sh.test differ
Files results/invalid_parameters2.sh.out and results/invalid_parameters2.sh.test differ
Files results/invalid_parameters.sh.out and results/invalid_parameters.sh.test differ
rm: cannot remove '/home/bogdan/Documents/INFORMATICĂ/Facultate/PCLP': Directory not empty
thread 'main' panicked at src/main.rs:290:5:
not yet implemented
note: run with `RUST_BACKTRACE=1` environment variable to display a backtrace
cat: results/touch_no_create_new.sh.out: No such file or directory
Files output/testmv and output/bender differ
Incorrect output.
Incorrect output.
Incorrect output.
ls: cannot access '4': No such file or directory
ls: cannot access '=': No such file or directory
ls: cannot access 'RUST/teme/tema-1/rustybox-TrifanBogdan24/tests/lstest': No such file or directory
Files results/ls_file.sh.out and results/ls_file.sh.test differ
Files results/invalid_chmod.sh.out and results/invalid_chmod.sh.test differ
Files results/invalid_command.sh.out and results/invalid_command.sh.test differ
Files results/invalid_parameters2.sh.out and results/invalid_parameters2.sh.test differ
Files results/invalid_parameters.sh.out and results/invalid_parameters.sh.test differ
rm: cannot remove '/home/bogdan/Documents/INFORMATICĂ/Facultate/PCLP': Directory not empty
thread 'main' panicked at src/main.rs:290:5:
not yet implemented
note: run with `RUST_BACKTRACE=1` environment variable to display a backtrace
cat: results/touch_no_create_new.sh.out: No such file or directory
Files output/testmv and output/bender differ
Incorrect output.
Incorrect output.
Incorrect output.
ls: cannot access '4': No such file or directory
ls: cannot access '=': No such file or directory
ls: cannot access 'RUST/teme/tema-1/rustybox-TrifanBogdan24/tests/lstest': No such file or directory
Files results/ls_file.sh.out and results/ls_file.sh.test differ
Files results/invalid_chmod.sh.out and results/invalid_chmod.sh.test differ
Files results/invalid_command.sh.out and results/invalid_command.sh.test differ
Files results/invalid_parameters2.sh.out and results/invalid_parameters2.sh.test differ
Files results/invalid_parameters.sh.out and results/invalid_parameters.sh.test differ
rm: cannot remove '/home/bogdan/Documents/INFORMATICĂ/Facultate/PCLP': Directory not empty
thread 'main' panicked at src/main.rs:208:5:
not yet implemented
note: run with `RUST_BACKTRACE=1` environment variable to display a backtrace
cat: results/touch_no_create_new.sh.out: No such file or directory
Files output/testmv and output/bender differ
Incorrect output.
Incorrect output.
Incorrect output.
ls: cannot access '4': No such file or directory
ls: cannot access '=': No such file or directory
ls: cannot access 'RUST/teme/tema-1/rustybox-TrifanBogdan24/tests/lstest': No such file or directory
Files results/ls_file.sh.out and results/ls_file.sh.test differ
Files results/invalid_chmod.sh.out and results/invalid_chmod.sh.test differ
Files results/invalid_command.sh.out and results/invalid_command.sh.test differ
Files results/invalid_parameters2.sh.out and results/invalid_parameters2.sh.test differ
Files results/invalid_parameters.sh.out and results/invalid_parameters.sh.test differ
rm: cannot remove '/home/bogdan/Documents/INFORMATICĂ/Facultate/PCLP': Directory not empty
thread 'main' panicked at src/main.rs:290:5:
not yet implemented
note: run with `RUST_BACKTRACE=1` environment variable to display a backtrace
cat: results/touch_no_create_new.sh.out: No such file or directory
Files output/testmv and output/bender differ
Incorrect output.
Incorrect output.
Incorrect output.
ls: cannot access '4': No such file or directory
ls: cannot access '=': No such file or directory
ls: cannot access 'RUST/teme/tema-1/rustybox-TrifanBogdan24/tests/lstest': No such file or directory
Files results/ls_file.sh.out and results/ls_file.sh.test differ
Files results/invalid_chmod.sh.out and results/invalid_chmod.sh.test differ
Files results/invalid_command.sh.out and results/invalid_command.sh.test differ
Files results/invalid_parameters2.sh.out and results/invalid_parameters2.sh.test differ
Files results/invalid_parameters.sh.out and results/invalid_parameters.sh.test differ
rm: cannot remove '/home/bogdan/Documents/INFORMATICĂ/Facultate/PCLP': Directory not empty
thread 'main' panicked at src/main.rs:291:5:
not yet implemented
note: run with `RUST_BACKTRACE=1` environment variable to display a backtrace
cat: results/touch_no_create_new.sh.out: No such file or directory
Files output/testmv and output/bender differ
Incorrect output.
Incorrect output.
Incorrect output.
ls: cannot access '4': No such file or directory
ls: cannot access '=': No such file or directory
ls: cannot access 'RUST/teme/tema-1/rustybox-TrifanBogdan24/tests/lstest': No such file or directory
Files results/ls_file.sh.out and results/ls_file.sh.test differ
Files results/invalid_chmod.sh.out and results/invalid_chmod.sh.test differ
Files results/invalid_command.sh.out and results/invalid_command.sh.test differ
Files results/invalid_parameters2.sh.out and results/invalid_parameters2.sh.test differ
Files results/invalid_parameters.sh.out and results/invalid_parameters.sh.test differ
rm: cannot remove '/home/bogdan/Documents/INFORMATICĂ/Facultate/PCLP': Directory not empty
thread 'main' panicked at src/main.rs:293:5:
not yet implemented
note: run with `RUST_BACKTRACE=1` environment variable to display a backtrace
cat: results/touch_no_create_new.sh.out: No such file or directory
Files output/testmv and output/bender differ
Incorrect output.
Incorrect output.
Incorrect output.
ls: cannot access '4': No such file or directory
ls: cannot access '=': No such file or directory
ls: cannot access 'RUST/teme/tema-1/rustybox-TrifanBogdan24/tests/lstest': No such file or directory
Files results/ls_file.sh.out and results/ls_file.sh.test differ
Files results/invalid_chmod.sh.out and results/invalid_chmod.sh.test differ
Files results/invalid_command.sh.out and results/invalid_command.sh.test differ
Files results/invalid_parameters2.sh.out and results/invalid_parameters2.sh.test differ
Files results/invalid_parameters.sh.out and results/invalid_parameters.sh.test differ
rm: cannot remove '/home/bogdan/Documents/INFORMATICĂ/Facultate/PCLP': Directory not empty
thread 'main' panicked at src/main.rs:289:5:
not yet implemented
note: run with `RUST_BACKTRACE=1` environment variable to display a backtrace
cat: results/touch_no_create_new.sh.out: No such file or directory
Files output/testmv and output/bender differ
Incorrect output.
Incorrect output.
Incorrect output.
ls: cannot access '4': No such file or directory
ls: cannot access '=': No such file or directory
ls: cannot access 'RUST/teme/tema-1/rustybox-TrifanBogdan24/tests/lstest': No such file or directory
Files results/ls_file.sh.out and results/ls_file.sh.test differ
Files results/invalid_chmod.sh.out and results/invalid_chmod.sh.test differ
Files results/invalid_command.sh.out and results/invalid_command.sh.test differ
Files results/invalid_parameters2.sh.out and results/invalid_parameters2.sh.test differ
Files results/invalid_parameters.sh.out and results/invalid_parameters.sh.test differ
rm: cannot remove '/home/bogdan/Documents/INFORMATICĂ/Facultate/PCLP': Directory not empty
thread 'main' panicked at src/main.rs:290:5:
not yet implemented
note: run with `RUST_BACKTRACE=1` environment variable to display a backtrace
cat: results/touch_no_create_new.sh.out: No such file or directory
Files output/testmv and output/bender differ
Incorrect output.
Incorrect output.
Incorrect output.
ls: cannot access '4': No such file or directory
ls: cannot access '=': No such file or directory
ls: cannot access 'RUST/teme/tema-1/rustybox-TrifanBogdan24/tests/lstest': No such file or directory
Files results/ls_file.sh.out and results/ls_file.sh.test differ
Files results/invalid_chmod.sh.out and results/invalid_chmod.sh.test differ
Files results/invalid_command.sh.out and results/invalid_command.sh.test differ
Files results/invalid_parameters2.sh.out and results/invalid_parameters2.sh.test differ
Files results/invalid_parameters.sh.out and results/invalid_parameters.sh.test differ
rm: cannot remove '/home/bogdan/Documents/INFORMATICĂ/Facultate/PCLP': Directory not empty
thread 'main' panicked at src/main.rs:300:5:
not yet implemented
note: run with `RUST_BACKTRACE=1` environment variable to display a backtrace
cat: results/touch_no_create_new.sh.out: No such file or directory
Files output/testmv and output/bender differ
Incorrect output.
Incorrect output.
Incorrect output.
ls: cannot access '4': No such file or directory
ls: cannot access '=': No such file or directory
ls: cannot access 'RUST/teme/tema-1/rustybox-TrifanBogdan24/tests/lstest': No such file or directory
Files results/ls_file.sh.out and results/ls_file.sh.test differ
Files results/invalid_chmod.sh.out and results/invalid_chmod.sh.test differ
Files results/invalid_command.sh.out and results/invalid_command.sh.test differ
Files results/invalid_parameters2.sh.out and results/invalid_parameters2.sh.test differ
Files results/invalid_parameters.sh.out and results/invalid_parameters.sh.test differ
rm: cannot remove '/home/bogdan/Documents/INFORMATICĂ/Facultate/PCLP': Directory not empty
thread 'main' panicked at src/main.rs:314:5:
not yet implemented
note: run with `RUST_BACKTRACE=1` environment variable to display a backtrace
cat: results/touch_no_create_new.sh.out: No such file or directory
Files output/testmv and output/bender differ
Incorrect output.
Incorrect output.
Incorrect output.
ls: cannot access '4': No such file or directory
ls: cannot access '=': No such file or directory
ls: cannot access 'RUST/teme/tema-1/rustybox-TrifanBogdan24/tests/lstest': No such file or directory
Files results/ls_file.sh.out and results/ls_file.sh.test differ
Files results/invalid_chmod.sh.out and results/invalid_chmod.sh.test differ
Files results/invalid_command.sh.out and results/invalid_command.sh.test differ
Files results/invalid_parameters2.sh.out and results/invalid_parameters2.sh.test differ
Files results/invalid_parameters.sh.out and results/invalid_parameters.sh.test differ
rm: cannot remove '/home/bogdan/Documents/INFORMATICĂ/Facultate/PCLP': Directory not empty
thread 'main' panicked at src/main.rs:315:5:
not yet implemented
note: run with `RUST_BACKTRACE=1` environment variable to display a backtrace
cat: results/touch_no_create_new.sh.out: No such file or directory
Files output/testmv and output/bender differ
Incorrect output.
Incorrect output.
Incorrect output.
ls: cannot access '4': No such file or directory
ls: cannot access '=': No such file or directory
ls: cannot access 'RUST/teme/tema-1/rustybox-TrifanBogdan24/tests/lstest': No such file or directory
Files results/ls_file.sh.out and results/ls_file.sh.test differ
Files results/invalid_chmod.sh.out and results/invalid_chmod.sh.test differ
Files results/invalid_command.sh.out and results/invalid_command.sh.test differ
Files results/invalid_parameters2.sh.out and results/invalid_parameters2.sh.test differ
Files results/invalid_parameters.sh.out and results/invalid_parameters.sh.test differ
rm: cannot remove '/home/bogdan/Documents/INFORMATICĂ/Facultate/PCLP': Directory not empty
thread 'main' panicked at src/main.rs:315:5:
not yet implemented
note: run with `RUST_BACKTRACE=1` environment variable to display a backtrace
cat: results/touch_no_create_new.sh.out: No such file or directory
Files output/testmv and output/bender differ
Incorrect output.
Incorrect output.
Incorrect output.
ls: cannot access '4': No such file or directory
ls: cannot access '=': No such file or directory
ls: cannot access 'RUST/teme/tema-1/rustybox-TrifanBogdan24/tests/lstest': No such file or directory
Files results/ls_file.sh.out and results/ls_file.sh.test differ
Files results/invalid_chmod.sh.out and results/invalid_chmod.sh.test differ
Files results/invalid_command.sh.out and results/invalid_command.sh.test differ
Files results/invalid_parameters2.sh.out and results/invalid_parameters2.sh.test differ
Files results/invalid_parameters.sh.out and results/invalid_parameters.sh.test differ
rm: cannot remove '/home/bogdan/Documents/INFORMATICĂ/Facultate/PCLP': Directory not empty
thread 'main' panicked at src/main.rs:315:5:
not yet implemented
note: run with `RUST_BACKTRACE=1` environment variable to display a backtrace
cat: results/touch_no_create_new.sh.out: No such file or directory
Files output/testmv and output/bender differ
Incorrect output.
Incorrect output.
Incorrect output.
ls: cannot access '4': No such file or directory
ls: cannot access '=': No such file or directory
ls: cannot access 'RUST/teme/tema-1/rustybox-TrifanBogdan24/tests/lstest': No such file or directory
Files results/ls_file.sh.out and results/ls_file.sh.test differ
Files results/invalid_chmod.sh.out and results/invalid_chmod.sh.test differ
Files results/invalid_command.sh.out and results/invalid_command.sh.test differ
Files results/invalid_parameters2.sh.out and results/invalid_parameters2.sh.test differ
Files results/invalid_parameters.sh.out and results/invalid_parameters.sh.test differ
rm: cannot remove '/home/bogdan/Documents/INFORMATICĂ/Facultate/PCLP': Directory not empty
thread 'main' panicked at src/main.rs:315:5:
not yet implemented
note: run with `RUST_BACKTRACE=1` environment variable to display a backtrace
cat: results/touch_no_create_new.sh.out: No such file or directory
Incorrect output.
Incorrect output.
Incorrect output.
ls: cannot access '4': No such file or directory
ls: cannot access '=': No such file or directory
ls: cannot access 'RUST/teme/tema-1/rustybox-TrifanBogdan24/tests/lstest': No such file or directory
Files results/ls_file.sh.out and results/ls_file.sh.test differ
Files results/invalid_chmod.sh.out and results/invalid_chmod.sh.test differ
Files results/invalid_command.sh.out and results/invalid_command.sh.test differ
Files results/invalid_parameters2.sh.out and results/invalid_parameters2.sh.test differ
Files results/invalid_parameters.sh.out and results/invalid_parameters.sh.test differ
output/express/cpfile
farnsworth
leela
output/express/express/leela
rm: cannot remove '/home/bogdan/Documents/INFORMATICĂ/Facultate/PCLP': Directory not empty
thread 'main' panicked at src/main.rs:314:5:
not yet implemented
note: run with `RUST_BACKTRACE=1` environment variable to display a backtrace
cat: results/touch_no_create_new.sh.out: No such file or directory
Files output/testmv and output/bender differ
Incorrect output.
Incorrect output.
Incorrect output.
ls: cannot access '4': No such file or directory
ls: cannot access '=': No such file or directory
ls: cannot access 'RUST/teme/tema-1/rustybox-TrifanBogdan24/tests/lstest': No such file or directory
Files results/ls_file.sh.out and results/ls_file.sh.test differ
Files results/invalid_chmod.sh.out and results/invalid_chmod.sh.test differ
Files results/invalid_command.sh.out and results/invalid_command.sh.test differ
Files results/invalid_parameters2.sh.out and results/invalid_parameters2.sh.test differ
Files results/invalid_parameters.sh.out and results/invalid_parameters.sh.test differ
output/express/cpfile
farnsworth
leela
output/express/express/leela
rm: cannot remove '/home/bogdan/Documents/INFORMATICĂ/Facultate/PCLP': Directory not empty
thread 'main' panicked at src/main.rs:319:5:
not yet implemented
note: run with `RUST_BACKTRACE=1` environment variable to display a backtrace
cat: results/touch_no_create_new.sh.out: No such file or directory
Files output/testmv and output/bender differ
Incorrect output.
Incorrect output.
Incorrect output.
ls: cannot access '4': No such file or directory
ls: cannot access '=': No such file or directory
ls: cannot access 'RUST/teme/tema-1/rustybox-TrifanBogdan24/tests/lstest': No such file or directory
Files results/ls_file.sh.out and results/ls_file.sh.test differ
Files results/invalid_chmod.sh.out and results/invalid_chmod.sh.test differ
Files results/invalid_command.sh.out and results/invalid_command.sh.test differ
Files results/invalid_parameters2.sh.out and results/invalid_parameters2.sh.test differ
Files results/invalid_parameters.sh.out and results/invalid_parameters.sh.test differ
rm: cannot remove '/home/bogdan/Documents/INFORMATICĂ/Facultate/PCLP': Directory not empty
thread 'main' panicked at src/main.rs:324:5:
not yet implemented
note: run with `RUST_BACKTRACE=1` environment variable to display a backtrace
cat: results/touch_no_create_new.sh.out: No such file or directory
Files output/testmv and output/bender differ
Incorrect output.
Incorrect output.
Incorrect output.
ls: cannot access '4': No such file or directory
ls: cannot access '=': No such file or directory
ls: cannot access 'RUST/teme/tema-1/rustybox-TrifanBogdan24/tests/lstest': No such file or directory
Files results/ls_file.sh.out and results/ls_file.sh.test differ
Files results/invalid_chmod.sh.out and results/invalid_chmod.sh.test differ
Files results/invalid_command.sh.out and results/invalid_command.sh.test differ
Files results/invalid_parameters2.sh.out and results/invalid_parameters2.sh.test differ
Files results/invalid_parameters.sh.out and results/invalid_parameters.sh.test differ
rm: cannot remove '/home/bogdan/Documents/INFORMATICĂ/Facultate/PCLP': Directory not empty
thread 'main' panicked at src/main.rs:341:5:
not yet implemented
note: run with `RUST_BACKTRACE=1` environment variable to display a backtrace
cat: results/touch_no_create_new.sh.out: No such file or directory
Files output/testmv and output/bender differ
Incorrect output.
Incorrect output.
Incorrect output.
ls: cannot access '4': No such file or directory
ls: cannot access '=': No such file or directory
ls: cannot access 'RUST/teme/tema-1/rustybox-TrifanBogdan24/tests/lstest': No such file or directory
Files results/ls_file.sh.out and results/ls_file.sh.test differ
Files results/invalid_chmod.sh.out and results/invalid_chmod.sh.test differ
Files results/invalid_command.sh.out and results/invalid_command.sh.test differ
Files results/invalid_parameters2.sh.out and results/invalid_parameters2.sh.test differ
Files results/invalid_parameters.sh.out and results/invalid_parameters.sh.test differ
rm: cannot remove '/home/bogdan/Documents/INFORMATICĂ/Facultate/PCLP': Directory not empty
thread 'main' panicked at src/main.rs:341:5:
not yet implemented
note: run with `RUST_BACKTRACE=1` environment variable to display a backtrace
cat: results/touch_no_create_new.sh.out: No such file or directory
Files output/testmv and output/bender differ
Incorrect output.
Incorrect output.
Incorrect output.
ls: cannot access '4': No such file or directory
ls: cannot access '=': No such file or directory
ls: cannot access 'RUST/teme/tema-1/rustybox-TrifanBogdan24/tests/lstest': No such file or directory
Files results/ls_file.sh.out and results/ls_file.sh.test differ
Files results/invalid_chmod.sh.out and results/invalid_chmod.sh.test differ
Files results/invalid_command.sh.out and results/invalid_command.sh.test differ
Files results/invalid_parameters2.sh.out and results/invalid_parameters2.sh.test differ
Files results/invalid_parameters.sh.out and results/invalid_parameters.sh.test differ
rm: cannot remove '/home/bogdan/Documents/INFORMATICĂ/Facultate/PCLP': Directory not empty
thread 'main' panicked at src/main.rs:318:5:
not yet implemented
note: run with `RUST_BACKTRACE=1` environment variable to display a backtrace
cat: results/touch_no_create_new.sh.out: No such file or directory
Files output/testmv and output/bender differ
Incorrect output.
Incorrect output.
Incorrect output.
ls: cannot access '4': No such file or directory
ls: cannot access '=': No such file or directory
ls: cannot access 'RUST/teme/tema-1/rustybox-TrifanBogdan24/tests/lstest': No such file or directory
Files results/ls_file.sh.out and results/ls_file.sh.test differ
Files results/invalid_chmod.sh.out and results/invalid_chmod.sh.test differ
Files results/invalid_command.sh.out and results/invalid_command.sh.test differ
Files results/invalid_parameters2.sh.out and results/invalid_parameters2.sh.test differ
Files results/invalid_parameters.sh.out and results/invalid_parameters.sh.test differ
Incorrect output.
Incorrect output.
Incorrect output.
ls: cannot access '4': No such file or directory
ls: cannot access '=': No such file or directory
ls: cannot access 'RUST/teme/tema-1/rustybox-TrifanBogdan24/tests/lstest': No such file or directory
Files results/ls_file.sh.out and results/ls_file.sh.test differ
Files results/invalid_chmod.sh.out and results/invalid_chmod.sh.test differ
Files results/invalid_command.sh.out and results/invalid_command.sh.test differ
Files results/invalid_parameters2.sh.out and results/invalid_parameters2.sh.test differ
Files results/invalid_parameters.sh.out and results/invalid_parameters.sh.test differ
output/express/cpfile
farnsworth
leela
output/express/express/leela
rm: cannot remove '/home/bogdan/Documents/INFORMATICĂ/Facultate/PCLP': Directory not empty
thread 'main' panicked at src/main.rs:329:5:
not yet implemented
note: run with `RUST_BACKTRACE=1` environment variable to display a backtrace
cat: results/touch_no_create_new.sh.out: No such file or directory
Files output/testmv and output/bender differ
Incorrect output.
Incorrect output.
Incorrect output.
ls: cannot access '4': No such file or directory
ls: cannot access '=': No such file or directory
ls: cannot access 'RUST/teme/tema-1/rustybox-TrifanBogdan24/tests/lstest': No such file or directory
Files results/ls_file.sh.out and results/ls_file.sh.test differ
Files results/invalid_chmod.sh.out and results/invalid_chmod.sh.test differ
Files results/invalid_command.sh.out and results/invalid_command.sh.test differ
Files results/invalid_parameters2.sh.out and results/invalid_parameters2.sh.test differ
Files results/invalid_parameters.sh.out and results/invalid_parameters.sh.test differ
output/express/cpfile
farnsworth
leela
output/express/express/leela
rm: cannot remove '/home/bogdan/Documents/INFORMATICĂ/Facultate/PCLP': Directory not empty
thread 'main' panicked at src/main.rs:329:5:
not yet implemented
note: run with `RUST_BACKTRACE=1` environment variable to display a backtrace
cat: results/touch_no_create_new.sh.out: No such file or directory
Files output/testmv and output/bender differ
Incorrect output.
Incorrect output.
Incorrect output.
ls: cannot access '4': No such file or directory
ls: cannot access '=': No such file or directory
ls: cannot access 'RUST/teme/tema-1/rustybox-TrifanBogdan24/tests/lstest': No such file or directory
Files results/ls_file.sh.out and results/ls_file.sh.test differ
Files results/invalid_chmod.sh.out and results/invalid_chmod.sh.test differ
Files results/invalid_command.sh.out and results/invalid_command.sh.test differ
Files results/invalid_parameters2.sh.out and results/invalid_parameters2.sh.test differ
Files results/invalid_parameters.sh.out and results/invalid_parameters.sh.test differ
rm: cannot remove '/home/bogdan/Documents/INFORMATICĂ/Facultate/PCLP': Directory not empty
rm: cannot remove 'my_super_file': No such file or directory
cat: results/touch_no_create_new.sh.out: No such file or directory
Error: ENOENT: no such file or directory, stat 'ln_lnfile'
    at Object.statSync (fs.js:1016:3)
    at Object.<anonymous> (/home/bogdan/Documents/INFORMATICĂ/Facultate/PCLP 4 = RUST/teme/tema-1/rustybox-TrifanBogdan24/tests/verify/ln/ln.js:33:27)
    at Module._compile (internal/modules/cjs/loader.js:999:30)
    at Object.Module._extensions..js (internal/modules/cjs/loader.js:1027:10)
    at Module.load (internal/modules/cjs/loader.js:863:32)
    at Function.Module._load (internal/modules/cjs/loader.js:708:14)
    at Function.executeUserEntryPoint [as runMain] (internal/modules/run_main.js:60:12)
    at internal/main/run_main_module.js:17:47 {
  errno: -2,
  syscall: 'stat',
  code: 'ENOENT',
  path: 'ln_lnfile'
}
Error: ENOENT: no such file or directory, lstat 'ln_lnfile'
    at Object.lstatSync (fs.js:1007:3)
    at Object.<anonymous> (/home/bogdan/Documents/INFORMATICĂ/Facultate/PCLP 4 = RUST/teme/tema-1/rustybox-TrifanBogdan24/tests/verify/ln/ln.js:9:27)
    at Module._compile (internal/modules/cjs/loader.js:999:30)
    at Object.Module._extensions..js (internal/modules/cjs/loader.js:1027:10)
    at Module.load (internal/modules/cjs/loader.js:863:32)
    at Function.Module._load (internal/modules/cjs/loader.js:708:14)
    at Function.executeUserEntryPoint [as runMain] (internal/modules/run_main.js:60:12)
    at internal/main/run_main_module.js:17:47 {
  errno: -2,
  syscall: 'lstat',
  code: 'ENOENT',
  path: 'ln_lnfile'
}
Incorrect output.
Incorrect output.
Incorrect output.
ls: cannot access '4': No such file or directory
ls: cannot access '=': No such file or directory
ls: cannot access 'RUST/teme/tema-1/rustybox-TrifanBogdan24/tests/lstest': No such file or directory
Files results/ls_file.sh.out and results/ls_file.sh.test differ
Files results/invalid_chmod.sh.out and results/invalid_chmod.sh.test differ
Files results/invalid_command.sh.out and results/invalid_command.sh.test differ
Files results/invalid_parameters2.sh.out and results/invalid_parameters2.sh.test differ
Files results/invalid_parameters.sh.out and results/invalid_parameters.sh.test differ
output/express/cpfile
farnsworth
leela
output/express/express/leela
rm: cannot remove '/home/bogdan/Documents/INFORMATICĂ/Facultate/PCLP': Directory not empty
thread 'main' panicked at src/main.rs:329:5:
not yet implemented
note: run with `RUST_BACKTRACE=1` environment variable to display a backtrace
cat: results/touch_no_create_new.sh.out: No such file or directory
Files output/testmv and output/bender differ
Incorrect output.
Incorrect output.
Incorrect output.
ls: cannot access '4': No such file or directory
ls: cannot access '=': No such file or directory
ls: cannot access 'RUST/teme/tema-1/rustybox-TrifanBogdan24/tests/lstest': No such file or directory
Files results/ls_file.sh.out and results/ls_file.sh.test differ
Files results/invalid_chmod.sh.out and results/invalid_chmod.sh.test differ
Files results/invalid_command.sh.out and results/invalid_command.sh.test differ
Files results/invalid_parameters2.sh.out and results/invalid_parameters2.sh.test differ
Files results/invalid_parameters.sh.out and results/invalid_parameters.sh.test differ
output/express/cpfile
farnsworth
leela
output/express/express/leela
rm: cannot remove '/home/bogdan/Documents/INFORMATICĂ/Facultate/PCLP': Directory not empty
thread 'main' panicked at src/main.rs:329:5:
not yet implemented
note: run with `RUST_BACKTRACE=1` environment variable to display a backtrace
cat: results/touch_no_create_new.sh.out: No such file or directory
Files output/testmv and output/bender differ
Incorrect output.
Incorrect output.
Incorrect output.
ls: cannot access '4': No such file or directory
ls: cannot access '=': No such file or directory
ls: cannot access 'RUST/teme/tema-1/rustybox-TrifanBogdan24/tests/lstest': No such file or directory
Files results/ls_file.sh.out and results/ls_file.sh.test differ
Files results/invalid_chmod.sh.out and results/invalid_chmod.sh.test differ
Files results/invalid_command.sh.out and results/invalid_command.sh.test differ
Files results/invalid_parameters2.sh.out and results/invalid_parameters2.sh.test differ
Files results/invalid_parameters.sh.out and results/invalid_parameters.sh.test differ
output/express/cpfile
farnsworth
leela
output/express/express/leela
rm: cannot remove '/home/bogdan/Documents/INFORMATICĂ/Facultate/PCLP': Directory not empty
thread 'main' panicked at src/main.rs:369:5:
not yet implemented
note: run with `RUST_BACKTRACE=1` environment variable to display a backtrace
cat: results/touch_no_create_new.sh.out: No such file or directory
Files output/testmv and output/bender differ
Incorrect output.
Incorrect output.
Incorrect output.
ls: cannot access '4': No such file or directory
ls: cannot access '=': No such file or directory
ls: cannot access 'RUST/teme/tema-1/rustybox-TrifanBogdan24/tests/lstest': No such file or directory
Files results/ls_file.sh.out and results/ls_file.sh.test differ
Files results/invalid_chmod.sh.out and results/invalid_chmod.sh.test differ
Files results/invalid_command.sh.out and results/invalid_command.sh.test differ
Files results/invalid_parameters2.sh.out and results/invalid_parameters2.sh.test differ
Files results/invalid_parameters.sh.out and results/invalid_parameters.sh.test differ
output/express/cpfile
farnsworth
leela
output/express/express/leela
rm: cannot remove '/home/bogdan/Documents/INFORMATICĂ/Facultate/PCLP': Directory not empty
thread 'main' panicked at src/main.rs:369:5:
not yet implemented
note: run with `RUST_BACKTRACE=1` environment variable to display a backtrace
cat: results/touch_no_create_new.sh.out: No such file or directory
Files output/testmv and output/bender differ
Incorrect output.
Incorrect output.
Incorrect output.
ls: cannot access '4': No such file or directory
ls: cannot access '=': No such file or directory
ls: cannot access 'RUST/teme/tema-1/rustybox-TrifanBogdan24/tests/lstest': No such file or directory
Files results/ls_file.sh.out and results/ls_file.sh.test differ
Files results/invalid_chmod.sh.out and results/invalid_chmod.sh.test differ
Files results/invalid_command.sh.out and results/invalid_command.sh.test differ
Files results/invalid_parameters2.sh.out and results/invalid_parameters2.sh.test differ
Files results/invalid_parameters.sh.out and results/invalid_parameters.sh.test differ
output/express/cpfile
farnsworth
leela
output/express/express/leela
rm: cannot remove '/home/bogdan/Documents/INFORMATICĂ/Facultate/PCLP': Directory not empty
thread 'main' panicked at src/main.rs:401:5:
not yet implemented
note: run with `RUST_BACKTRACE=1` environment variable to display a backtrace
cat: results/touch_no_create_new.sh.out: No such file or directory
Files output/testmv and output/bender differ
Incorrect output.
Incorrect output.
Incorrect output.
ls: cannot access '4': No such file or directory
ls: cannot access '=': No such file or directory
ls: cannot access 'RUST/teme/tema-1/rustybox-TrifanBogdan24/tests/lstest': No such file or directory
Files results/ls_file.sh.out and results/ls_file.sh.test differ
Files results/invalid_chmod.sh.out and results/invalid_chmod.sh.test differ
Files results/invalid_command.sh.out and results/invalid_command.sh.test differ
Files results/invalid_parameters2.sh.out and results/invalid_parameters2.sh.test differ
Files results/invalid_parameters.sh.out and results/invalid_parameters.sh.test differ
output/express/cpfile
farnsworth
leela
output/express/express/leela
rm: cannot remove '/home/bogdan/Documents/INFORMATICĂ/Facultate/PCLP': Directory not empty
thread 'main' panicked at src/main.rs:404:5:
not yet implemented
note: run with `RUST_BACKTRACE=1` environment variable to display a backtrace
cat: results/touch_no_create_new.sh.out: No such file or directory
Files output/testmv and output/bender differ
Incorrect output.
Incorrect output.
Incorrect output.
ls: cannot access '4': No such file or directory
ls: cannot access '=': No such file or directory
ls: cannot access 'RUST/teme/tema-1/rustybox-TrifanBogdan24/tests/lstest': No such file or directory
Files results/ls_file.sh.out and results/ls_file.sh.test differ
Files results/invalid_chmod.sh.out and results/invalid_chmod.sh.test differ
Files results/invalid_command.sh.out and results/invalid_command.sh.test differ
Files results/invalid_parameters2.sh.out and results/invalid_parameters2.sh.test differ
Files results/invalid_parameters.sh.out and results/invalid_parameters.sh.test differ
output/express/cpfile
farnsworth
leela
output/express/express/leela
rm: cannot remove '/home/bogdan/Documents/INFORMATICĂ/Facultate/PCLP': Directory not empty
thread 'main' panicked at src/main.rs:402:5:
not yet implemented
note: run with `RUST_BACKTRACE=1` environment variable to display a backtrace
cat: results/touch_no_create_new.sh.out: No such file or directory
Files output/testmv and output/bender differ
Incorrect output.
Incorrect output.
Incorrect output.
ls: cannot access '4': No such file or directory
ls: cannot access '=': No such file or directory
ls: cannot access 'RUST/teme/tema-1/rustybox-TrifanBogdan24/tests/lstest': No such file or directory
Files results/ls_file.sh.out and results/ls_file.sh.test differ
Files results/invalid_chmod.sh.out and results/invalid_chmod.sh.test differ
Files results/invalid_command.sh.out and results/invalid_command.sh.test differ
Files results/invalid_parameters2.sh.out and results/invalid_parameters2.sh.test differ
Files results/invalid_parameters.sh.out and results/invalid_parameters.sh.test differ
output/express/cpfile
farnsworth
leela
output/express/express/leela
rm: cannot remove '/home/bogdan/Documents/INFORMATICĂ/Facultate/PCLP': Directory not empty
thread 'main' panicked at src/main.rs:402:5:
not yet implemented
note: run with `RUST_BACKTRACE=1` environment variable to display a backtrace
cat: results/touch_no_create_new.sh.out: No such file or directory
Files output/testmv and output/bender differ
Incorrect output.
Incorrect output.
Incorrect output.
ls: cannot access '4': No such file or directory
ls: cannot access '=': No such file or directory
ls: cannot access 'RUST/teme/tema-1/rustybox-TrifanBogdan24/tests/lstest': No such file or directory
Files results/ls_file.sh.out and results/ls_file.sh.test differ
Files results/invalid_chmod.sh.out and results/invalid_chmod.sh.test differ
Files results/invalid_command.sh.out and results/invalid_command.sh.test differ
Files results/invalid_parameters2.sh.out and results/invalid_parameters2.sh.test differ
Files results/invalid_parameters.sh.out and results/invalid_parameters.sh.test differ
output/express/cpfile
farnsworth
leela
output/express/express/leela
rm: cannot remove '/home/bogdan/Documents/INFORMATICĂ/Facultate/PCLP': Directory not empty
thread 'main' panicked at src/main.rs:403:5:
not yet implemented
note: run with `RUST_BACKTRACE=1` environment variable to display a backtrace
cat: results/touch_no_create_new.sh.out: No such file or directory
Files output/testmv and output/bender differ
Incorrect output.
Incorrect output.
Incorrect output.
ls: cannot access '4': No such file or directory
ls: cannot access '=': No such file or directory
ls: cannot access 'RUST/teme/tema-1/rustybox-TrifanBogdan24/tests/lstest': No such file or directory
Files results/ls_file.sh.out and results/ls_file.sh.test differ
Files results/invalid_chmod.sh.out and results/invalid_chmod.sh.test differ
Files results/invalid_command.sh.out and results/invalid_command.sh.test differ
Files results/invalid_parameters2.sh.out and results/invalid_parameters2.sh.test differ
Files results/invalid_parameters.sh.out and results/invalid_parameters.sh.test differ
output/express/cpfile
farnsworth
leela
output/express/express/leela
rm: cannot remove '/home/bogdan/Documents/INFORMATICĂ/Facultate/PCLP': Directory not empty
thread 'main' panicked at src/main.rs:413:5:
not yet implemented
note: run with `RUST_BACKTRACE=1` environment variable to display a backtrace
cat: results/touch_no_create_new.sh.out: No such file or directory
Files output/testmv and output/bender differ
Incorrect output.
Incorrect output.
Incorrect output.
ls: cannot access '4': No such file or directory
ls: cannot access '=': No such file or directory
ls: cannot access 'RUST/teme/tema-1/rustybox-TrifanBogdan24/tests/lstest': No such file or directory
Files results/ls_file.sh.out and results/ls_file.sh.test differ
Files results/invalid_chmod.sh.out and results/invalid_chmod.sh.test differ
Files results/invalid_command.sh.out and results/invalid_command.sh.test differ
Files results/invalid_parameters2.sh.out and results/invalid_parameters2.sh.test differ
Files results/invalid_parameters.sh.out and results/invalid_parameters.sh.test differ
output/express/cpfile
farnsworth
leela
output/express/express/leela
rm: cannot remove '/home/bogdan/Documents/INFORMATICĂ/Facultate/PCLP': Directory not empty
thread 'main' panicked at src/main.rs:417:5:
not yet implemented
note: run with `RUST_BACKTRACE=1` environment variable to display a backtrace
cat: results/touch_no_create_new.sh.out: No such file or directory
Files output/testmv and output/bender differ
Incorrect output.
Incorrect output.
Incorrect output.
ls: cannot access '4': No such file or directory
ls: cannot access '=': No such file or directory
ls: cannot access 'RUST/teme/tema-1/rustybox-TrifanBogdan24/tests/lstest': No such file or directory
Files results/ls_file.sh.out and results/ls_file.sh.test differ
Files results/invalid_chmod.sh.out and results/invalid_chmod.sh.test differ
Files results/invalid_command.sh.out and results/invalid_command.sh.test differ
Files results/invalid_parameters2.sh.out and results/invalid_parameters2.sh.test differ
Files results/invalid_parameters.sh.out and results/invalid_parameters.sh.test differ
output/express/cpfile
farnsworth
leela
output/express/express/leela
Incorrect output.
Incorrect output.
Incorrect output.
ls: cannot access '4': No such file or directory
ls: cannot access '=': No such file or directory
ls: cannot access 'RUST/teme/tema-1/rustybox-TrifanBogdan24/tests/lstest': No such file or directory
Files results/ls_file.sh.out and results/ls_file.sh.test differ
Files results/invalid_chmod.sh.out and results/invalid_chmod.sh.test differ
Files results/invalid_command.sh.out and results/invalid_command.sh.test differ
Files results/invalid_parameters2.sh.out and results/invalid_parameters2.sh.test differ
Files results/invalid_parameters.sh.out and results/invalid_parameters.sh.test differ
output/express/cpfile
farnsworth
leela
output/express/express/leela
rm: cannot remove '/home/bogdan/Documents/INFORMATICĂ/Facultate/PCLP': Directory not empty
thread 'main' panicked at src/main.rs:426:5:
not yet implemented
note: run with `RUST_BACKTRACE=1` environment variable to display a backtrace
cat: results/touch_no_create_new.sh.out: No such file or directory
Files output/testmv and output/bender differ
Incorrect output.
Incorrect output.
Incorrect output.
ls: cannot access '4': No such file or directory
ls: cannot access '=': No such file or directory
ls: cannot access 'RUST/teme/tema-1/rustybox-TrifanBogdan24/tests/lstest': No such file or directory
Files results/ls_file.sh.out and results/ls_file.sh.test differ
Files results/invalid_chmod.sh.out and results/invalid_chmod.sh.test differ
Files results/invalid_command.sh.out and results/invalid_command.sh.test differ
Files results/invalid_parameters2.sh.out and results/invalid_parameters2.sh.test differ
Files results/invalid_parameters.sh.out and results/invalid_parameters.sh.test differ
output/express/cpfile
farnsworth
leela
output/express/express/leela
rm: cannot remove '/home/bogdan/Documents/INFORMATICĂ/Facultate/PCLP': Directory not empty
thread 'main' panicked at src/main.rs:431:5:
not yet implemented
note: run with `RUST_BACKTRACE=1` environment variable to display a backtrace
cat: results/touch_no_create_new.sh.out: No such file or directory
Files output/testmv and output/bender differ
Incorrect output.
Incorrect output.
Incorrect output.
ls: cannot access '4': No such file or directory
ls: cannot access '=': No such file or directory
ls: cannot access 'RUST/teme/tema-1/rustybox-TrifanBogdan24/tests/lstest': No such file or directory
Files results/ls_file.sh.out and results/ls_file.sh.test differ
Files results/invalid_chmod.sh.out and results/invalid_chmod.sh.test differ
Files results/invalid_command.sh.out and results/invalid_command.sh.test differ
Files results/invalid_parameters2.sh.out and results/invalid_parameters2.sh.test differ
Files results/invalid_parameters.sh.out and results/invalid_parameters.sh.test differ
output/express/cpfile
farnsworth
leela
output/express/express/leela
rm: cannot remove '/home/bogdan/Documents/INFORMATICĂ/Facultate/PCLP': Directory not empty
thread 'main' panicked at src/main.rs:431:5:
not yet implemented
note: run with `RUST_BACKTRACE=1` environment variable to display a backtrace
cat: results/touch_no_create_new.sh.out: No such file or directory
Files output/testmv and output/bender differ
Incorrect output.
Incorrect output.
Incorrect output.
ls: cannot access '4': No such file or directory
ls: cannot access '=': No such file or directory
ls: cannot access 'RUST/teme/tema-1/rustybox-TrifanBogdan24/tests/lstest': No such file or directory
Files results/ls_file.sh.out and results/ls_file.sh.test differ
Files results/invalid_chmod.sh.out and results/invalid_chmod.sh.test differ
Files results/invalid_command.sh.out and results/invalid_command.sh.test differ
Files results/invalid_parameters2.sh.out and results/invalid_parameters2.sh.test differ
Files results/invalid_parameters.sh.out and results/invalid_parameters.sh.test differ
output/express/cpfile
farnsworth
leela
output/express/express/leela
rm: cannot remove '/home/bogdan/Documents/INFORMATICĂ/Facultate/PCLP': Directory not empty
thread 'main' panicked at src/main.rs:431:5:
not yet implemented
note: run with `RUST_BACKTRACE=1` environment variable to display a backtrace
cat: results/touch_no_create_new.sh.out: No such file or directory
Files output/testmv and output/bender differ
Incorrect output.
Incorrect output.
Incorrect output.
ls: cannot access '4': No such file or directory
ls: cannot access '=': No such file or directory
ls: cannot access 'RUST/teme/tema-1/rustybox-TrifanBogdan24/tests/lstest': No such file or directory
Files results/ls_file.sh.out and results/ls_file.sh.test differ
Files results/invalid_chmod.sh.out and results/invalid_chmod.sh.test differ
Files results/invalid_command.sh.out and results/invalid_command.sh.test differ
Files results/invalid_parameters2.sh.out and results/invalid_parameters2.sh.test differ
Files results/invalid_parameters.sh.out and results/invalid_parameters.sh.test differ
output/express/cpfile
farnsworth
leela
output/express/express/leela
rm: cannot remove '/home/bogdan/Documents/INFORMATICĂ/Facultate/PCLP': Directory not empty
thread 'main' panicked at src/main.rs:431:5:
not yet implemented
note: run with `RUST_BACKTRACE=1` environment variable to display a backtrace
cat: results/touch_no_create_new.sh.out: No such file or directory
Files output/testmv and output/bender differ
Incorrect output.
Incorrect output.
Incorrect output.
ls: cannot access '4': No such file or directory
ls: cannot access '=': No such file or directory
ls: cannot access 'RUST/teme/tema-1/rustybox-TrifanBogdan24/tests/lstest': No such file or directory
Files results/ls_file.sh.out and results/ls_file.sh.test differ
Files results/invalid_chmod.sh.out and results/invalid_chmod.sh.test differ
Files results/invalid_command.sh.out and results/invalid_command.sh.test differ
Files results/invalid_parameters2.sh.out and results/invalid_parameters2.sh.test differ
Files results/invalid_parameters.sh.out and results/invalid_parameters.sh.test differ
output/express/cpfile
farnsworth
leela
output/express/express/leela
rm: cannot remove '/home/bogdan/Documents/INFORMATICĂ/Facultate/PCLP': Directory not empty
thread 'main' panicked at src/main.rs:431:5:
not yet implemented
note: run with `RUST_BACKTRACE=1` environment variable to display a backtrace
cat: results/touch_no_create_new.sh.out: No such file or directory
Files output/testmv and output/bender differ
Incorrect output.
Incorrect output.
Incorrect output.
ls: cannot access '4': No such file or directory
ls: cannot access '=': No such file or directory
ls: cannot access 'RUST/teme/tema-1/rustybox-TrifanBogdan24/tests/lstest': No such file or directory
Files results/ls_file.sh.out and results/ls_file.sh.test differ
Files results/invalid_chmod.sh.out and results/invalid_chmod.sh.test differ
Files results/invalid_command.sh.out and results/invalid_command.sh.test differ
Files results/invalid_parameters2.sh.out and results/invalid_parameters2.sh.test differ
Files results/invalid_parameters.sh.out and results/invalid_parameters.sh.test differ
output/express/cpfile
farnsworth
leela
output/express/express/leela
rm: cannot remove '/home/bogdan/Documents/INFORMATICĂ/Facultate/PCLP': Directory not empty
thread 'main' panicked at src/main.rs:431:5:
not yet implemented
note: run with `RUST_BACKTRACE=1` environment variable to display a backtrace
cat: results/touch_no_create_new.sh.out: No such file or directory
Files output/testmv and output/bender differ
Incorrect output.
Incorrect output.
Incorrect output.
ls: cannot access '4': No such file or directory
ls: cannot access '=': No such file or directory
ls: cannot access 'RUST/teme/tema-1/rustybox-TrifanBogdan24/tests/lstest': No such file or directory
Files results/ls_file.sh.out and results/ls_file.sh.test differ
Files results/invalid_chmod.sh.out and results/invalid_chmod.sh.test differ
Files results/invalid_command.sh.out and results/invalid_command.sh.test differ
Files results/invalid_parameters2.sh.out and results/invalid_parameters2.sh.test differ
Files results/invalid_parameters.sh.out and results/invalid_parameters.sh.test differ
output/express/cpfile
farnsworth
leela
output/express/express/leela
rm: cannot remove '/home/bogdan/Documents/INFORMATICĂ/Facultate/PCLP': Directory not empty
thread 'main' panicked at src/main.rs:431:5:
not yet implemented
note: run with `RUST_BACKTRACE=1` environment variable to display a backtrace
cat: results/touch_no_create_new.sh.out: No such file or directory
Files output/testmv and output/bender differ
Incorrect output.
Incorrect output.
Incorrect output.
ls: cannot access '4': No such file or directory
ls: cannot access '=': No such file or directory
ls: cannot access 'RUST/teme/tema-1/rustybox-TrifanBogdan24/tests/lstest': No such file or directory
Files results/ls_file.sh.out and results/ls_file.sh.test differ
Files results/invalid_chmod.sh.out and results/invalid_chmod.sh.test differ
Files results/invalid_command.sh.out and results/invalid_command.sh.test differ
Files results/invalid_parameters2.sh.out and results/invalid_parameters2.sh.test differ
Files results/invalid_parameters.sh.out and results/invalid_parameters.sh.test differ
output/express/cpfile
farnsworth
leela
output/express/express/leela
rm: cannot remove '/home/bogdan/Documents/INFORMATICĂ/Facultate/PCLP': Directory not empty
thread 'main' panicked at src/main.rs:431:5:
not yet implemented
note: run with `RUST_BACKTRACE=1` environment variable to display a backtrace
cat: results/touch_no_create_new.sh.out: No such file or directory
Files output/testmv and output/bender differ
Incorrect output.
Incorrect output.
Incorrect output.
ls: cannot access '4': No such file or directory
ls: cannot access '=': No such file or directory
ls: cannot access 'RUST/teme/tema-1/rustybox-TrifanBogdan24/tests/lstest': No such file or directory
Files results/ls_file.sh.out and results/ls_file.sh.test differ
Files results/invalid_chmod.sh.out and results/invalid_chmod.sh.test differ
Files results/invalid_command.sh.out and results/invalid_command.sh.test differ
Files results/invalid_parameters2.sh.out and results/invalid_parameters2.sh.test differ
Files results/invalid_parameters.sh.out and results/invalid_parameters.sh.test differ
output/express/cpfile
farnsworth
leela
output/express/express/leela
rm: cannot remove '/home/bogdan/Documents/INFORMATICĂ/Facultate/PCLP': Directory not empty
thread 'main' panicked at src/main.rs:431:5:
not yet implemented
note: run with `RUST_BACKTRACE=1` environment variable to display a backtrace
cat: results/touch_no_create_new.sh.out: No such file or directory
Files output/testmv and output/bender differ
Incorrect output.
Incorrect output.
Incorrect output.
ls: cannot access '4': No such file or directory
ls: cannot access '=': No such file or directory
ls: cannot access 'RUST/teme/tema-1/rustybox-TrifanBogdan24/tests/lstest': No such file or directory
Files results/ls_file.sh.out and results/ls_file.sh.test differ
Files results/invalid_chmod.sh.out and results/invalid_chmod.sh.test differ
Files results/invalid_command.sh.out and results/invalid_command.sh.test differ
Files results/invalid_parameters2.sh.out and results/invalid_parameters2.sh.test differ
Files results/invalid_parameters.sh.out and results/invalid_parameters.sh.test differ
output/express/cpfile
farnsworth
leela
output/express/express/leela
rm: cannot remove '/home/bogdan/Documents/INFORMATICĂ/Facultate/PCLP': Directory not empty
thread 'main' panicked at src/main.rs:431:5:
not yet implemented
note: run with `RUST_BACKTRACE=1` environment variable to display a backtrace
cat: results/touch_no_create_new.sh.out: No such file or directory
Files output/testmv and output/bender differ
ls: cannot access '4': No such file or directory
ls: cannot access '=': No such file or directory
ls: cannot access 'RUST/teme/tema-1/rustybox-TrifanBogdan24/tests/lstest': No such file or directory
Files results/ls_file.sh.out and results/ls_file.sh.test differ
Files results/invalid_chmod.sh.out and results/invalid_chmod.sh.test differ
Files results/invalid_command.sh.out and results/invalid_command.sh.test differ
Files results/invalid_parameters2.sh.out and results/invalid_parameters2.sh.test differ
Files results/invalid_parameters.sh.out and results/invalid_parameters.sh.test differ
output/express/cpfile
farnsworth
leela
output/express/express/leela
rm: cannot remove '/home/bogdan/Documents/INFORMATICĂ/Facultate/PCLP': Directory not empty
thread 'main' panicked at src/main.rs:430:5:
not yet implemented
note: run with `RUST_BACKTRACE=1` environment variable to display a backtrace
cat: results/touch_no_create_new.sh.out: No such file or directory
Files output/testmv and output/bender differ
ls: cannot access '4': No such file or directory
ls: cannot access '=': No such file or directory
ls: cannot access 'RUST/teme/tema-1/rustybox-TrifanBogdan24/tests/lstest': No such file or directory
Files results/ls_file.sh.out and results/ls_file.sh.test differ
Files results/invalid_chmod.sh.out and results/invalid_chmod.sh.test differ
Files results/invalid_command.sh.out and results/invalid_command.sh.test differ
Files results/invalid_parameters2.sh.out and results/invalid_parameters2.sh.test differ
Files results/invalid_parameters.sh.out and results/invalid_parameters.sh.test differ
output/express/cpfile
farnsworth
leela
output/express/express/leela
rm: cannot remove '/home/bogdan/Documents/INFORMATICĂ/Facultate/PCLP': Directory not empty
thread 'main' panicked at src/main.rs:430:5:
not yet implemented
note: run with `RUST_BACKTRACE=1` environment variable to display a backtrace
cat: results/touch_no_create_new.sh.out: No such file or directory
Files output/testmv and output/bender differ
Incorrect output.
Incorrect output.
Incorrect output.
ls: cannot access '4': No such file or directory
ls: cannot access '=': No such file or directory
ls: cannot access 'RUST/teme/tema-1/rustybox-TrifanBogdan24/tests/lstest': No such file or directory
Files results/ls_file.sh.out and results/ls_file.sh.test differ
Files results/invalid_chmod.sh.out and results/invalid_chmod.sh.test differ
Files results/invalid_command.sh.out and results/invalid_command.sh.test differ
Files results/invalid_parameters2.sh.out and results/invalid_parameters2.sh.test differ
Files results/invalid_parameters.sh.out and results/invalid_parameters.sh.test differ
output/express/cpfile
farnsworth
leela
output/express/express/leela
rm: cannot remove '/home/bogdan/Documents/INFORMATICĂ/Facultate/PCLP': Directory not empty
thread 'main' panicked at src/main.rs:430:5:
not yet implemented
note: run with `RUST_BACKTRACE=1` environment variable to display a backtrace
cat: results/touch_no_create_new.sh.out: No such file or directory
Files output/testmv and output/bender differ
Incorrect output.
Incorrect output.
Incorrect output.
ls: cannot access '4': No such file or directory
ls: cannot access '=': No such file or directory
ls: cannot access 'RUST/teme/tema-1/rustybox-TrifanBogdan24/tests/lstest': No such file or directory
Files results/ls_file.sh.out and results/ls_file.sh.test differ
Files results/invalid_chmod.sh.out and results/invalid_chmod.sh.test differ
Files results/invalid_command.sh.out and results/invalid_command.sh.test differ
Files results/invalid_parameters2.sh.out and results/invalid_parameters2.sh.test differ
Files results/invalid_parameters.sh.out and results/invalid_parameters.sh.test differ
output/express/cpfile
farnsworth
leela
output/express/express/leela
rm: cannot remove '/home/bogdan/Documents/INFORMATICĂ/Facultate/PCLP': Directory not empty
thread 'main' panicked at src/main.rs:430:5:
not yet implemented
note: run with `RUST_BACKTRACE=1` environment variable to display a backtrace
cat: results/touch_no_create_new.sh.out: No such file or directory
Files output/testmv and output/bender differ
Incorrect output.
Incorrect output.
Incorrect output.
ls: cannot access '4': No such file or directory
ls: cannot access '=': No such file or directory
ls: cannot access 'RUST/teme/tema-1/rustybox-TrifanBogdan24/tests/lstest': No such file or directory
Files results/ls_file.sh.out and results/ls_file.sh.test differ
Files results/invalid_chmod.sh.out and results/invalid_chmod.sh.test differ
Files results/invalid_command.sh.out and results/invalid_command.sh.test differ
Files results/invalid_parameters2.sh.out and results/invalid_parameters2.sh.test differ
Files results/invalid_parameters.sh.out and results/invalid_parameters.sh.test differ
output/express/cpfile
farnsworth
leela
output/express/express/leela
rm: cannot remove '/home/bogdan/Documents/INFORMATICĂ/Facultate/PCLP': Directory not empty
thread 'main' panicked at src/main.rs:430:5:
not yet implemented
note: run with `RUST_BACKTRACE=1` environment variable to display a backtrace
cat: results/touch_no_create_new.sh.out: No such file or directory
Files output/testmv and output/bender differ
Incorrect output.
Incorrect output.
Incorrect output.
ls: cannot access '4': No such file or directory
ls: cannot access '=': No such file or directory
ls: cannot access 'RUST/teme/tema-1/rustybox-TrifanBogdan24/tests/lstest': No such file or directory
Files results/ls_file.sh.out and results/ls_file.sh.test differ
Files results/invalid_chmod.sh.out and results/invalid_chmod.sh.test differ
Files results/invalid_parameters2.sh.out and results/invalid_parameters2.sh.test differ
Files results/invalid_parameters.sh.out and results/invalid_parameters.sh.test differ
output/express/cpfile
farnsworth
leela
output/express/express/leela
rm: cannot remove '/home/bogdan/Documents/INFORMATICĂ/Facultate/PCLP': Directory not empty
thread 'main' panicked at src/main.rs:430:5:
not yet implemented
note: run with `RUST_BACKTRACE=1` environment variable to display a backtrace
cat: results/touch_no_create_new.sh.out: No such file or directory
Files output/testmv and output/bender differ
ls: cannot access '4': No such file or directory
ls: cannot access '=': No such file or directory
ls: cannot access 'RUST/teme/tema-1/rustybox-TrifanBogdan24/tests/lstest': No such file or directory
Files results/ls_file.sh.out and results/ls_file.sh.test differ
Files results/invalid_chmod.sh.out and results/invalid_chmod.sh.test differ
output/express/cpfile
farnsworth
leela
output/express/express/leela
rm: cannot remove '/home/bogdan/Documents/INFORMATICĂ/Facultate/PCLP': Directory not empty
thread 'main' panicked at src/main.rs:430:5:
not yet implemented
note: run with `RUST_BACKTRACE=1` environment variable to display a backtrace
cat: results/touch_no_create_new.sh.out: No such file or directory
Files output/testmv and output/bender differ
ls: cannot access '4': No such file or directory
ls: cannot access '=': No such file or directory
ls: cannot access 'RUST/teme/tema-1/rustybox-TrifanBogdan24/tests/lstest': No such file or directory
Files results/ls_file.sh.out and results/ls_file.sh.test differ
Files results/invalid_chmod.sh.out and results/invalid_chmod.sh.test differ
Files results/invalid_parameters2.sh.out and results/invalid_parameters2.sh.test differ
Files results/invalid_parameters.sh.out and results/invalid_parameters.sh.test differ
output/express/cpfile
farnsworth
leela
output/express/express/leela
rm: cannot remove '/home/bogdan/Documents/INFORMATICĂ/Facultate/PCLP': Directory not empty
thread 'main' panicked at src/main.rs:430:5:
not yet implemented
note: run with `RUST_BACKTRACE=1` environment variable to display a backtrace
cat: results/touch_no_create_new.sh.out: No such file or directory
Files output/testmv and output/bender differ
ls: cannot access '4': No such file or directory
ls: cannot access '=': No such file or directory
ls: cannot access 'RUST/teme/tema-1/rustybox-TrifanBogdan24/tests/lstest': No such file or directory
Files results/ls_file.sh.out and results/ls_file.sh.test differ
Files results/invalid_chmod.sh.out and results/invalid_chmod.sh.test differ
Files results/invalid_parameters2.sh.out and results/invalid_parameters2.sh.test differ
Files results/invalid_parameters.sh.out and results/invalid_parameters.sh.test differ
output/express/cpfile
farnsworth
leela
output/express/express/leela
rm: cannot remove '/home/bogdan/Documents/INFORMATICĂ/Facultate/PCLP': Directory not empty
thread 'main' panicked at src/main.rs:430:5:
not yet implemented
note: run with `RUST_BACKTRACE=1` environment variable to display a backtrace
cat: results/touch_no_create_new.sh.out: No such file or directory
Files output/testmv and output/bender differ
ls: cannot access '4': No such file or directory
ls: cannot access '=': No such file or directory
ls: cannot access 'RUST/teme/tema-1/rustybox-TrifanBogdan24/tests/lstest': No such file or directory
Files results/ls_file.sh.out and results/ls_file.sh.test differ
Files results/invalid_chmod.sh.out and results/invalid_chmod.sh.test differ
Files results/invalid_parameters2.sh.out and results/invalid_parameters2.sh.test differ
Files results/invalid_parameters.sh.out and results/invalid_parameters.sh.test differ
output/express/cpfile
farnsworth
leela
output/express/express/leela
rm: cannot remove '/home/bogdan/Documents/INFORMATICĂ/Facultate/PCLP': Directory not empty
thread 'main' panicked at src/main.rs:430:5:
not yet implemented
note: run with `RUST_BACKTRACE=1` environment variable to display a backtrace
cat: results/touch_no_create_new.sh.out: No such file or directory
Files output/testmv and output/bender differ
ls: cannot access '4': No such file or directory
ls: cannot access '=': No such file or directory
ls: cannot access 'RUST/teme/tema-1/rustybox-TrifanBogdan24/tests/lstest': No such file or directory
Files results/ls_file.sh.out and results/ls_file.sh.test differ
Files results/invalid_chmod.sh.out and results/invalid_chmod.sh.test differ
Files results/invalid_parameters2.sh.out and results/invalid_parameters2.sh.test differ
Files results/invalid_parameters.sh.out and results/invalid_parameters.sh.test differ
output/express/cpfile
farnsworth
leela
output/express/express/leela
rm: cannot remove '/home/bogdan/Documents/INFORMATICĂ/Facultate/PCLP': Directory not empty
thread 'main' panicked at src/main.rs:430:5:
not yet implemented
note: run with `RUST_BACKTRACE=1` environment variable to display a backtrace
cat: results/touch_no_create_new.sh.out: No such file or directory
Files output/testmv and output/bender differ
ls: cannot access '4': No such file or directory
ls: cannot access '=': No such file or directory
ls: cannot access 'RUST/teme/tema-1/rustybox-TrifanBogdan24/tests/lstest': No such file or directory
Files results/ls_file.sh.out and results/ls_file.sh.test differ
Files results/invalid_chmod.sh.out and results/invalid_chmod.sh.test differ
output/express/cpfile
farnsworth
leela
output/express/express/leela
rm: cannot remove '/home/bogdan/Documents/INFORMATICĂ/Facultate/PCLP': Directory not empty
thread 'main' panicked at src/main.rs:458:5:
not yet implemented
note: run with `RUST_BACKTRACE=1` environment variable to display a backtrace
cat: results/touch_no_create_new.sh.out: No such file or directory
Files output/testmv and output/bender differ
ls: cannot access '4': No such file or directory
ls: cannot access '=': No such file or directory
ls: cannot access 'RUST/teme/tema-1/rustybox-TrifanBogdan24/tests/lstest': No such file or directory
Files results/ls_file.sh.out and results/ls_file.sh.test differ
Files results/invalid_chmod.sh.out and results/invalid_chmod.sh.test differ
output/express/cpfile
farnsworth
leela
output/express/express/leela
rm: cannot remove '/home/bogdan/Documents/INFORMATICĂ/Facultate/PCLP': Directory not empty
thread 'main' panicked at src/main.rs:458:5:
not yet implemented
note: run with `RUST_BACKTRACE=1` environment variable to display a backtrace
cat: results/touch_no_create_new.sh.out: No such file or directory
Files output/testmv and output/bender differ
ls: cannot access '4': No such file or directory
ls: cannot access '=': No such file or directory
ls: cannot access 'RUST/teme/tema-1/rustybox-TrifanBogdan24/tests/lstest': No such file or directory
Files results/ls_file.sh.out and results/ls_file.sh.test differ
Files results/invalid_chmod.sh.out and results/invalid_chmod.sh.test differ
output/express/cpfile
farnsworth
leela
output/express/express/leela
rm: cannot remove '/home/bogdan/Documents/INFORMATICĂ/Facultate/PCLP': Directory not empty
thread 'main' panicked at src/main.rs:458:5:
not yet implemented
note: run with `RUST_BACKTRACE=1` environment variable to display a backtrace
cat: results/touch_no_create_new.sh.out: No such file or directory
Files output/testmv and output/bender differ
ls: cannot access '4': No such file or directory
ls: cannot access '=': No such file or directory
ls: cannot access 'RUST/teme/tema-1/rustybox-TrifanBogdan24/tests/lstest': No such file or directory
Files results/ls_file.sh.out and results/ls_file.sh.test differ
Files results/invalid_chmod.sh.out and results/invalid_chmod.sh.test differ
output/express/cpfile
farnsworth
leela
output/express/express/leela
rm: cannot remove '/home/bogdan/Documents/INFORMATICĂ/Facultate/PCLP': Directory not empty
thread 'main' panicked at src/main.rs:449:5:
not yet implemented
note: run with `RUST_BACKTRACE=1` environment variable to display a backtrace
cat: results/touch_no_create_new.sh.out: No such file or directory
Files output/testmv and output/bender differ
Incorrect output.
Incorrect output.
Incorrect output.
ls: cannot access '4': No such file or directory
ls: cannot access '=': No such file or directory
ls: cannot access 'RUST/teme/tema-1/rustybox-TrifanBogdan24/tests/lstest': No such file or directory
Files results/ls_file.sh.out and results/ls_file.sh.test differ
Files results/invalid_chmod.sh.out and results/invalid_chmod.sh.test differ
Files results/invalid_command.sh.out and results/invalid_command.sh.test differ
Files results/invalid_parameters2.sh.out and results/invalid_parameters2.sh.test differ
Files results/invalid_parameters.sh.out and results/invalid_parameters.sh.test differ
rm: cannot remove '/home/bogdan/Documents/INFORMATICĂ/Facultate/PCLP': Directory not empty
rm: cannot remove 'my_super_file': No such file or directory
cat: results/touch_no_create_new.sh.out: No such file or directory
Error: ENOENT: no such file or directory, stat 'ln_lnfile'
    at Object.statSync (fs.js:1016:3)
    at Object.<anonymous> (/home/bogdan/Documents/INFORMATICĂ/Facultate/PCLP 4 = RUST/teme/tema-1/rustybox-TrifanBogdan24/tests/verify/ln/ln.js:33:27)
    at Module._compile (internal/modules/cjs/loader.js:999:30)
    at Object.Module._extensions..js (internal/modules/cjs/loader.js:1027:10)
    at Module.load (internal/modules/cjs/loader.js:863:32)
    at Function.Module._load (internal/modules/cjs/loader.js:708:14)
    at Function.executeUserEntryPoint [as runMain] (internal/modules/run_main.js:60:12)
    at internal/main/run_main_module.js:17:47 {
  errno: -2,
  syscall: 'stat',
  code: 'ENOENT',
  path: 'ln_lnfile'
}
Files output/testmv and output/bender differ
Incorrect output.
Incorrect output.
Incorrect output.
ls: cannot access '4': No such file or directory
ls: cannot access '=': No such file or directory
ls: cannot access 'RUST/teme/tema-1/rustybox-TrifanBogdan24/tests/lstest': No such file or directory
Files results/ls_file.sh.out and results/ls_file.sh.test differ
Files results/invalid_chmod.sh.out and results/invalid_chmod.sh.test differ
Files results/invalid_command.sh.out and results/invalid_command.sh.test differ
Files results/invalid_parameters2.sh.out and results/invalid_parameters2.sh.test differ
Files results/invalid_parameters.sh.out and results/invalid_parameters.sh.test differ
rm: cannot remove '/home/bogdan/Documents/INFORMATICĂ/Facultate/PCLP': Directory not empty
rm: cannot remove 'my_super_file': No such file or directory
cat: results/touch_no_create_new.sh.out: No such file or directory
Files output/testmv and output/bender differ
ls: cannot access '4': No such file or directory
ls: cannot access '=': No such file or directory
ls: cannot access 'RUST/teme/tema-1/rustybox-TrifanBogdan24/tests/lstest': No such file or directory
Files results/ls_file.sh.out and results/ls_file.sh.test differ
Files results/invalid_chmod.sh.out and results/invalid_chmod.sh.test differ
output/express/cpfile
farnsworth
leela
output/express/express/leela
rm: cannot remove '/home/bogdan/Documents/INFORMATICĂ/Facultate/PCLP': Directory not empty
thread 'main' panicked at src/main.rs:449:5:
not yet implemented
note: run with `RUST_BACKTRACE=1` environment variable to display a backtrace
cat: results/touch_no_create_new.sh.out: No such file or directory
Files output/testmv and output/bender differ
ls: cannot access '4': No such file or directory
ls: cannot access '=': No such file or directory
ls: cannot access 'RUST/teme/tema-1/rustybox-TrifanBogdan24/tests/lstest': No such file or directory
Files results/ls_file.sh.out and results/ls_file.sh.test differ
Files results/invalid_chmod.sh.out and results/invalid_chmod.sh.test differ
output/express/cpfile
farnsworth
leela
output/express/express/leela
rm: cannot remove '/home/bogdan/Documents/INFORMATICĂ/Facultate/PCLP': Directory not empty
thread 'main' panicked at src/main.rs:454:5:
not yet implemented
note: run with `RUST_BACKTRACE=1` environment variable to display a backtrace
cat: results/touch_no_create_new.sh.out: No such file or directory
Files output/testmv and output/bender differ
ls: cannot access '4': No such file or directory
ls: cannot access '=': No such file or directory
ls: cannot access 'RUST/teme/tema-1/rustybox-TrifanBogdan24/tests/lstest': No such file or directory
Files results/ls_file.sh.out and results/ls_file.sh.test differ
Files results/invalid_parameters2.sh.out and results/invalid_parameters2.sh.test differ
output/express/cpfile
farnsworth
leela
output/express/express/leela
rm: cannot remove '/home/bogdan/Documents/INFORMATICĂ/Facultate/PCLP': Directory not empty
thread 'main' panicked at src/main.rs:454:5:
not yet implemented
note: run with `RUST_BACKTRACE=1` environment variable to display a backtrace
cat: results/touch_no_create_new.sh.out: No such file or directory
Files output/testmv and output/bender differ
ls: cannot access '4': No such file or directory
ls: cannot access '=': No such file or directory
ls: cannot access 'RUST/teme/tema-1/rustybox-TrifanBogdan24/tests/lstest': No such file or directory
Files results/ls_file.sh.out and results/ls_file.sh.test differ
output/express/cpfile
farnsworth
leela
output/express/express/leela
rm: cannot remove '/home/bogdan/Documents/INFORMATICĂ/Facultate/PCLP': Directory not empty
thread 'main' panicked at src/main.rs:449:5:
not yet implemented
note: run with `RUST_BACKTRACE=1` environment variable to display a backtrace
cat: results/touch_no_create_new.sh.out: No such file or directory
Files output/testmv and output/bender differ
ls: cannot access '4': No such file or directory
ls: cannot access '=': No such file or directory
ls: cannot access 'RUST/teme/tema-1/rustybox-TrifanBogdan24/tests/lstest': No such file or directory
Files results/ls_file.sh.out and results/ls_file.sh.test differ
output/express/cpfile
farnsworth
leela
output/express/express/leela
rm: cannot remove '/home/bogdan/Documents/INFORMATICĂ/Facultate/PCLP': Directory not empty
thread 'main' panicked at src/main.rs:449:5:
not yet implemented
note: run with `RUST_BACKTRACE=1` environment variable to display a backtrace
cat: results/touch_no_create_new.sh.out: No such file or directory
Files output/testmv and output/bender differ
ls: cannot access '4': No such file or directory
ls: cannot access '=': No such file or directory
ls: cannot access 'RUST/teme/tema-1/rustybox-TrifanBogdan24/tests/lstest': No such file or directory
Files results/ls_file.sh.out and results/ls_file.sh.test differ
output/express/cpfile
farnsworth
leela
output/express/express/leela
rm: cannot remove '/home/bogdan/Documents/INFORMATICĂ/Facultate/PCLP': Directory not empty
thread 'main' panicked at src/main.rs:449:5:
not yet implemented
note: run with `RUST_BACKTRACE=1` environment variable to display a backtrace
cat: results/touch_no_create_new.sh.out: No such file or directory
Files output/testmv and output/bender differ
ls: cannot access '4': No such file or directory
ls: cannot access '=': No such file or directory
ls: cannot access 'RUST/teme/tema-1/rustybox-TrifanBogdan24/tests/lstest': No such file or directory
Files results/ls_file.sh.out and results/ls_file.sh.test differ
output/express/cpfile
farnsworth
leela
output/express/express/leela
rm: cannot remove '/home/bogdan/Documents/INFORMATICĂ/Facultate/PCLP': Directory not empty
thread 'main' panicked at src/main.rs:449:5:
not yet implemented
note: run with `RUST_BACKTRACE=1` environment variable to display a backtrace
cat: results/touch_no_create_new.sh.out: No such file or directory
Files output/testmv and output/bender differ
ls: cannot access '4': No such file or directory
ls: cannot access '=': No such file or directory
ls: cannot access 'RUST/teme/tema-1/rustybox-TrifanBogdan24/tests/lstest': No such file or directory
Files results/ls_file.sh.out and results/ls_file.sh.test differ
output/express/cpfile
farnsworth
leela
output/express/express/leela
rm: cannot remove '/home/bogdan/Documents/INFORMATICĂ/Facultate/PCLP': Directory not empty
thread 'main' panicked at src/main.rs:449:5:
not yet implemented
note: run with `RUST_BACKTRACE=1` environment variable to display a backtrace
cat: results/touch_no_create_new.sh.out: No such file or directory
Files output/testmv and output/bender differ
ls: cannot access '4': No such file or directory
ls: cannot access '=': No such file or directory
ls: cannot access 'RUST/teme/tema-1/rustybox-TrifanBogdan24/tests/lstest': No such file or directory
Files results/ls_file.sh.out and results/ls_file.sh.test differ
output/express/cpfile
farnsworth
leela
output/express/express/leela
rm: cannot remove '/home/bogdan/Documents/INFORMATICĂ/Facultate/PCLP': Directory not empty
thread 'main' panicked at src/main.rs:449:5:
not yet implemented
note: run with `RUST_BACKTRACE=1` environment variable to display a backtrace
cat: results/touch_no_create_new.sh.out: No such file or directory
Files output/testmv and output/bender differ
ls: cannot access '4': No such file or directory
ls: cannot access '=': No such file or directory
ls: cannot access 'RUST/teme/tema-1/rustybox-TrifanBogdan24/tests/lstest': No such file or directory
Files results/ls_file.sh.out and results/ls_file.sh.test differ
Files results/invalid_chmod.sh.out and results/invalid_chmod.sh.test differ
Files results/invalid_parameters2.sh.out and results/invalid_parameters2.sh.test differ
Files results/invalid_parameters.sh.out and results/invalid_parameters.sh.test differ
output/express/cpfile
farnsworth
leela
output/express/express/leela
rm: cannot remove '/home/bogdan/Documents/INFORMATICĂ/Facultate/PCLP': Directory not empty
thread 'main' panicked at src/main.rs:430:5:
not yet implemented
note: run with `RUST_BACKTRACE=1` environment variable to display a backtrace
cat: results/touch_no_create_new.sh.out: No such file or directory
Files output/testmv and output/bender differ
ls: cannot access '4': No such file or directory
ls: cannot access '=': No such file or directory
ls: cannot access 'RUST/teme/tema-1/rustybox-TrifanBogdan24/tests/lstest': No such file or directory
Files results/ls_file.sh.out and results/ls_file.sh.test differ
Files results/invalid_parameters2.sh.out and results/invalid_parameters2.sh.test differ
Files results/invalid_parameters.sh.out and results/invalid_parameters.sh.test differ
output/express/cpfile
farnsworth
leela
output/express/express/leela
rm: cannot remove '/home/bogdan/Documents/INFORMATICĂ/Facultate/PCLP': Directory not empty
thread 'main' panicked at src/main.rs:430:5:
not yet implemented
note: run with `RUST_BACKTRACE=1` environment variable to display a backtrace
cat: results/touch_no_create_new.sh.out: No such file or directory
Files output/testmv and output/bender differ
ls: cannot access '4': No such file or directory
ls: cannot access '=': No such file or directory
ls: cannot access 'RUST/teme/tema-1/rustybox-TrifanBogdan24/tests/lstest': No such file or directory
Files results/ls_file.sh.out and results/ls_file.sh.test differ
Files results/invalid_parameters2.sh.out and results/invalid_parameters2.sh.test differ
Files results/invalid_parameters.sh.out and results/invalid_parameters.sh.test differ
output/express/cpfile
farnsworth
leela
output/express/express/leela
rm: cannot remove '/home/bogdan/Documents/INFORMATICĂ/Facultate/PCLP': Directory not empty
thread 'main' panicked at src/main.rs:430:5:
not yet implemented
note: run with `RUST_BACKTRACE=1` environment variable to display a backtrace
cat: results/touch_no_create_new.sh.out: No such file or directory
Files output/testmv and output/bender differ
Incorrect output.
Incorrect output.
Incorrect output.
ls: cannot access '4': No such file or directory
ls: cannot access '=': No such file or directory
ls: cannot access 'RUST/teme/tema-1/rustybox-TrifanBogdan24/tests/lstest': No such file or directory
Files results/ls_file.sh.out and results/ls_file.sh.test differ
Files results/invalid_chmod.sh.out and results/invalid_chmod.sh.test differ
Files results/invalid_command.sh.out and results/invalid_command.sh.test differ
Files results/invalid_parameters2.sh.out and results/invalid_parameters2.sh.test differ
Files results/invalid_parameters.sh.out and results/invalid_parameters.sh.test differ
rm: cannot remove '/home/bogdan/Documents/INFORMATICĂ/Facultate/PCLP': Directory not empty
rm: cannot remove 'my_super_file': No such file or directory
cat: results/touch_no_create_new.sh.out: No such file or directory
Files output/testmv and output/bender differ
Incorrect output.
Incorrect output.
Incorrect output.
ls: cannot access '4': No such file or directory
ls: cannot access '=': No such file or directory
ls: cannot access 'RUST/teme/tema-1/rustybox-TrifanBogdan24/tests/lstest': No such file or directory
Files results/ls_file.sh.out and results/ls_file.sh.test differ
Files results/invalid_chmod.sh.out and results/invalid_chmod.sh.test differ
Files results/invalid_command.sh.out and results/invalid_command.sh.test differ
Files results/invalid_parameters2.sh.out and results/invalid_parameters2.sh.test differ
Files results/invalid_parameters.sh.out and results/invalid_parameters.sh.test differ
rm: cannot remove '/home/bogdan/Documents/INFORMATICĂ/Facultate/PCLP': Directory not empty
rm: cannot remove 'my_super_file': No such file or directory
cat: results/touch_no_create_new.sh.out: No such file or directory
Files output/testmv and output/bender differ
Incorrect output.
Incorrect output.
Incorrect output.
ls: cannot access '4': No such file or directory
ls: cannot access '=': No such file or directory
ls: cannot access 'RUST/teme/tema-1/rustybox-TrifanBogdan24/tests/lstest': No such file or directory
Files results/ls_file.sh.out and results/ls_file.sh.test differ
Files results/invalid_chmod.sh.out and results/invalid_chmod.sh.test differ
Files results/invalid_command.sh.out and results/invalid_command.sh.test differ
Files results/invalid_parameters2.sh.out and results/invalid_parameters2.sh.test differ
Files results/invalid_parameters.sh.out and results/invalid_parameters.sh.test differ
rm: cannot remove '/home/bogdan/Documents/INFORMATICĂ/Facultate/PCLP': Directory not empty
rm: cannot remove 'my_super_file': No such file or directory
cat: results/touch_no_create_new.sh.out: No such file or directory
Files output/testmv and output/bender differ
Incorrect output.
Incorrect output.
Incorrect output.
ls: cannot access '4': No such file or directory
ls: cannot access '=': No such file or directory
ls: cannot access 'RUST/teme/tema-1/rustybox-TrifanBogdan24/tests/lstest': No such file or directory
Files results/ls_file.sh.out and results/ls_file.sh.test differ
Files results/invalid_chmod.sh.out and results/invalid_chmod.sh.test differ
Files results/invalid_command.sh.out and results/invalid_command.sh.test differ
Files results/invalid_parameters2.sh.out and results/invalid_parameters2.sh.test differ
Files results/invalid_parameters.sh.out and results/invalid_parameters.sh.test differ
rm: cannot remove '/home/bogdan/Documents/INFORMATICĂ/Facultate/PCLP': Directory not empty
rm: cannot remove 'my_super_file': No such file or directory
cat: results/touch_no_create_new.sh.out: No such file or directory
Files output/testmv and output/bender differ
ls: cannot access '4': No such file or directory
ls: cannot access '=': No such file or directory
ls: cannot access 'RUST/teme/tema-1/rustybox-TrifanBogdan24/tests/lstest': No such file or directory
Files results/ls_file.sh.out and results/ls_file.sh.test differ
Files results/invalid_chmod.sh.out and results/invalid_chmod.sh.test differ
output/express/cpfile
farnsworth
leela
output/express/express/leela
rm: cannot remove '/home/bogdan/Documents/INFORMATICĂ/Facultate/PCLP': Directory not empty
thread 'main' panicked at src/main.rs:424:5:
not yet implemented
note: run with `RUST_BACKTRACE=1` environment variable to display a backtrace
cat: results/touch_no_create_new.sh.out: No such file or directory
Files output/testmv and output/bender differ
ls: cannot access '4': No such file or directory
ls: cannot access '=': No such file or directory
ls: cannot access 'RUST/teme/tema-1/rustybox-TrifanBogdan24/tests/lstest': No such file or directory
Files results/ls_file.sh.out and results/ls_file.sh.test differ
Files results/invalid_chmod.sh.out and results/invalid_chmod.sh.test differ
output/express/cpfile
farnsworth
leela
output/express/express/leela
rm: cannot remove '/home/bogdan/Documents/INFORMATICĂ/Facultate/PCLP': Directory not empty
thread 'main' panicked at src/main.rs:424:5:
not yet implemented
note: run with `RUST_BACKTRACE=1` environment variable to display a backtrace
cat: results/touch_no_create_new.sh.out: No such file or directory
Files output/testmv and output/bender differ
ls: cannot access '4': No such file or directory
ls: cannot access '=': No such file or directory
ls: cannot access 'RUST/teme/tema-1/rustybox-TrifanBogdan24/tests/lstest': No such file or directory
Files results/ls_file.sh.out and results/ls_file.sh.test differ
Files results/invalid_chmod.sh.out and results/invalid_chmod.sh.test differ
output/express/cpfile
farnsworth
leela
output/express/express/leela
rm: cannot remove '/home/bogdan/Documents/INFORMATICĂ/Facultate/PCLP': Directory not empty
thread 'main' panicked at src/main.rs:424:5:
not yet implemented
note: run with `RUST_BACKTRACE=1` environment variable to display a backtrace
cat: results/touch_no_create_new.sh.out: No such file or directory
Files output/testmv and output/bender differ
ls: cannot access '4': No such file or directory
ls: cannot access '=': No such file or directory
ls: cannot access 'RUST/teme/tema-1/rustybox-TrifanBogdan24/tests/lstest': No such file or directory
Files results/ls_file.sh.out and results/ls_file.sh.test differ
Files results/invalid_chmod.sh.out and results/invalid_chmod.sh.test differ
output/express/cpfile
farnsworth
leela
output/express/express/leela
rm: cannot remove '/home/bogdan/Documents/INFORMATICĂ/Facultate/PCLP': Directory not empty
thread 'main' panicked at src/main.rs:429:5:
not yet implemented
note: run with `RUST_BACKTRACE=1` environment variable to display a backtrace
cat: results/touch_no_create_new.sh.out: No such file or directory
Files output/testmv and output/bender differ
ls: cannot access '4': No such file or directory
ls: cannot access '=': No such file or directory
ls: cannot access 'RUST/teme/tema-1/rustybox-TrifanBogdan24/tests/lstest': No such file or directory
Files results/ls_file.sh.out and results/ls_file.sh.test differ
Files results/invalid_chmod.sh.out and results/invalid_chmod.sh.test differ
output/express/cpfile
farnsworth
leela
output/express/express/leela
rm: cannot remove '/home/bogdan/Documents/INFORMATICĂ/Facultate/PCLP': Directory not empty
thread 'main' panicked at src/main.rs:429:5:
not yet implemented
note: run with `RUST_BACKTRACE=1` environment variable to display a backtrace
cat: results/touch_no_create_new.sh.out: No such file or directory
Files output/testmv and output/bender differ
ls: cannot access '4': No such file or directory
ls: cannot access '=': No such file or directory
ls: cannot access 'RUST/teme/tema-1/rustybox-TrifanBogdan24/tests/lstest': No such file or directory
Files results/ls_file.sh.out and results/ls_file.sh.test differ
Files results/invalid_chmod.sh.out and results/invalid_chmod.sh.test differ
output/express/cpfile
farnsworth
leela
output/express/express/leela
rm: cannot remove '/home/bogdan/Documents/INFORMATICĂ/Facultate/PCLP': Directory not empty
thread 'main' panicked at src/main.rs:429:5:
not yet implemented
note: run with `RUST_BACKTRACE=1` environment variable to display a backtrace
cat: results/touch_no_create_new.sh.out: No such file or directory
Files output/testmv and output/bender differ
ls: cannot access '4': No such file or directory
ls: cannot access '=': No such file or directory
ls: cannot access 'RUST/teme/tema-1/rustybox-TrifanBogdan24/tests/lstest': No such file or directory
Files results/ls_file.sh.out and results/ls_file.sh.test differ
Files results/invalid_chmod.sh.out and results/invalid_chmod.sh.test differ
output/express/cpfile
farnsworth
leela
output/express/express/leela
rm: cannot remove '/home/bogdan/Documents/INFORMATICĂ/Facultate/PCLP': Directory not empty
thread 'main' panicked at src/main.rs:429:5:
not yet implemented
note: run with `RUST_BACKTRACE=1` environment variable to display a backtrace
cat: results/touch_no_create_new.sh.out: No such file or directory
Files output/testmv and output/bender differ
ls: cannot access '4': No such file or directory
ls: cannot access '=': No such file or directory
ls: cannot access 'RUST/teme/tema-1/rustybox-TrifanBogdan24/tests/lstest': No such file or directory
Files results/ls_file.sh.out and results/ls_file.sh.test differ
Files results/invalid_chmod.sh.out and results/invalid_chmod.sh.test differ
output/express/cpfile
farnsworth
leela
output/express/express/leela
rm: cannot remove '/home/bogdan/Documents/INFORMATICĂ/Facultate/PCLP': Directory not empty
thread 'main' panicked at src/main.rs:429:5:
not yet implemented
note: run with `RUST_BACKTRACE=1` environment variable to display a backtrace
cat: results/touch_no_create_new.sh.out: No such file or directory
Files output/testmv and output/bender differ
ls: cannot access '4': No such file or directory
ls: cannot access '=': No such file or directory
ls: cannot access 'RUST/teme/tema-1/rustybox-TrifanBogdan24/tests/lstest': No such file or directory
Files results/ls_file.sh.out and results/ls_file.sh.test differ
Files results/invalid_chmod.sh.out and results/invalid_chmod.sh.test differ
output/express/cpfile
farnsworth
leela
output/express/express/leela
rm: cannot remove '/home/bogdan/Documents/INFORMATICĂ/Facultate/PCLP': Directory not empty
thread 'main' panicked at src/main.rs:429:5:
not yet implemented
note: run with `RUST_BACKTRACE=1` environment variable to display a backtrace
cat: results/touch_no_create_new.sh.out: No such file or directory
Files output/testmv and output/bender differ
ls: cannot access '4': No such file or directory
ls: cannot access '=': No such file or directory
ls: cannot access 'RUST/teme/tema-1/rustybox-TrifanBogdan24/tests/lstest': No such file or directory
Files results/ls_file.sh.out and results/ls_file.sh.test differ
Files results/invalid_chmod.sh.out and results/invalid_chmod.sh.test differ
output/express/cpfile
farnsworth
leela
output/express/express/leela
rm: cannot remove '/home/bogdan/Documents/INFORMATICĂ/Facultate/PCLP': Directory not empty
Files output/testmv and output/bender differ
ls: cannot access '4': No such file or directory
ls: cannot access '=': No such file or directory
ls: cannot access 'RUST/teme/tema-1/rustybox-TrifanBogdan24/tests/lstest': No such file or directory
Files results/ls_file.sh.out and results/ls_file.sh.test differ
Files results/invalid_chmod.sh.out and results/invalid_chmod.sh.test differ
output/express/cpfile
farnsworth
leela
output/express/express/leela
rm: cannot remove '/home/bogdan/Documents/INFORMATICĂ/Facultate/PCLP': Directory not empty
Files output/testmv and output/bender differ
ls: cannot access '4': No such file or directory
ls: cannot access '=': No such file or directory
ls: cannot access 'RUST/teme/tema-1/rustybox-TrifanBogdan24/tests/lstest': No such file or directory
Files results/ls_file.sh.out and results/ls_file.sh.test differ
Files results/invalid_chmod.sh.out and results/invalid_chmod.sh.test differ
output/express/cpfile
farnsworth
leela
output/express/express/leela
rm: cannot remove '/home/bogdan/Documents/INFORMATICĂ/Facultate/PCLP': Directory not empty
Files output/testmv and output/bender differ
ls: cannot access '4': No such file or directory
ls: cannot access '=': No such file or directory
ls: cannot access 'RUST/teme/tema-1/rustybox-TrifanBogdan24/tests/lstest': No such file or directory
Files results/ls_file.sh.out and results/ls_file.sh.test differ
Files results/invalid_chmod.sh.out and results/invalid_chmod.sh.test differ
output/express/cpfile
farnsworth
leela
output/express/express/leela
rm: cannot remove '/home/bogdan/Documents/INFORMATICĂ/Facultate/PCLP': Directory not empty
Files output/testmv and output/bender differ
ls: cannot access '4': No such file or directory
ls: cannot access '=': No such file or directory
ls: cannot access 'RUST/teme/tema-1/rustybox-TrifanBogdan24/tests/lstest': No such file or directory
Files results/ls_file.sh.out and results/ls_file.sh.test differ
Files results/invalid_chmod.sh.out and results/invalid_chmod.sh.test differ
output/express/cpfile
farnsworth
leela
output/express/express/leela
rm: cannot remove '/home/bogdan/Documents/INFORMATICĂ/Facultate/PCLP': Directory not empty
ls: cannot access '4': No such file or directory
ls: cannot access '=': No such file or directory
ls: cannot access 'RUST/teme/tema-1/rustybox-TrifanBogdan24/tests/lstest': No such file or directory
Files results/ls_file.sh.out and results/ls_file.sh.test differ
Files results/invalid_chmod.sh.out and results/invalid_chmod.sh.test differ
output/express/cpfile
farnsworth
leela
output/express/express/leela
rm: cannot remove '/home/bogdan/Documents/INFORMATICĂ/Facultate/PCLP': Directory not empty
Files output/testmv and output/bender differ
ls: cannot access '4': No such file or directory
ls: cannot access '=': No such file or directory
ls: cannot access 'RUST/teme/tema-1/rustybox-TrifanBogdan24/tests/lstest': No such file or directory
Files results/ls_file.sh.out and results/ls_file.sh.test differ
Files results/invalid_chmod.sh.out and results/invalid_chmod.sh.test differ
output/express/cpfile
farnsworth
leela
output/express/express/leela
rm: cannot remove '/home/bogdan/Documents/INFORMATICĂ/Facultate/PCLP': Directory not empty
Files output/testmv and output/bender differ
ls: cannot access '4': No such file or directory
ls: cannot access '=': No such file or directory
ls: cannot access 'RUST/teme/tema-1/rustybox-TrifanBogdan24/tests/lstest': No such file or directory
Files results/ls_file.sh.out and results/ls_file.sh.test differ
Files results/invalid_chmod.sh.out and results/invalid_chmod.sh.test differ
output/express/cpfile
farnsworth
leela
output/express/express/leela
rm: cannot remove '/home/bogdan/Documents/INFORMATICĂ/Facultate/PCLP': Directory not empty
Files output/testmv and output/bender differ
ls: cannot access '4': No such file or directory
ls: cannot access '=': No such file or directory
ls: cannot access 'RUST/teme/tema-1/rustybox-TrifanBogdan24/tests/lstest': No such file or directory
Files results/ls_file.sh.out and results/ls_file.sh.test differ
Files results/invalid_chmod.sh.out and results/invalid_chmod.sh.test differ
output/express/cpfile
farnsworth
leela
output/express/express/leela
rm: cannot remove '/home/bogdan/Documents/INFORMATICĂ/Facultate/PCLP': Directory not empty
Files output/testmv and output/bender differ
ls: cannot access '4': No such file or directory
ls: cannot access '=': No such file or directory
ls: cannot access 'RUST/teme/tema-1/rustybox-TrifanBogdan24/tests/lstest': No such file or directory
Files results/ls_file.sh.out and results/ls_file.sh.test differ
Files results/invalid_chmod.sh.out and results/invalid_chmod.sh.test differ
output/express/cpfile
farnsworth
leela
output/express/express/leela
rm: cannot remove '/home/bogdan/Documents/INFORMATICĂ/Facultate/PCLP': Directory not empty
Files output/testmv and output/bender differ
ls: cannot access '4': No such file or directory
ls: cannot access '=': No such file or directory
ls: cannot access 'RUST/teme/tema-1/rustybox-TrifanBogdan24/tests/lstest': No such file or directory
Files results/ls_file.sh.out and results/ls_file.sh.test differ
Files results/invalid_chmod.sh.out and results/invalid_chmod.sh.test differ
output/express/cpfile
farnsworth
leela
output/express/express/leela
rm: cannot remove '/home/bogdan/Documents/INFORMATICĂ/Facultate/PCLP': Directory not empty
Files output/testmv and output/bender differ
ls: cannot access '4': No such file or directory
ls: cannot access '=': No such file or directory
ls: cannot access 'RUST/teme/tema-1/rustybox-TrifanBogdan24/tests/lstest': No such file or directory
Files results/ls_file.sh.out and results/ls_file.sh.test differ
Files results/invalid_chmod.sh.out and results/invalid_chmod.sh.test differ
output/express/cpfile
farnsworth
leela
output/express/express/leela
rm: cannot remove '/home/bogdan/Documents/INFORMATICĂ/Facultate/PCLP': Directory not empty
Files output/testmv and output/bender differ
ls: cannot access '4': No such file or directory
ls: cannot access '=': No such file or directory
ls: cannot access 'RUST/teme/tema-1/rustybox-TrifanBogdan24/tests/lstest': No such file or directory
Files results/ls_file.sh.out and results/ls_file.sh.test differ
Files results/invalid_chmod.sh.out and results/invalid_chmod.sh.test differ
output/express/cpfile
farnsworth
leela
output/express/express/leela
rm: cannot remove '/home/bogdan/Documents/INFORMATICĂ/Facultate/PCLP': Directory not empty
Files output/testmv and output/bender differ
ls: cannot access '4': No such file or directory
ls: cannot access '=': No such file or directory
ls: cannot access 'RUST/teme/tema-1/rustybox-TrifanBogdan24/tests/lstest': No such file or directory
Files results/ls_file.sh.out and results/ls_file.sh.test differ
Files results/invalid_chmod.sh.out and results/invalid_chmod.sh.test differ
output/express/cpfile
farnsworth
leela
output/express/express/leela
rm: cannot remove '/home/bogdan/Documents/INFORMATICĂ/Facultate/PCLP': Directory not empty
Files output/testmv and output/bender differ
ls: cannot access '4': No such file or directory
ls: cannot access '=': No such file or directory
ls: cannot access 'RUST/teme/tema-1/rustybox-TrifanBogdan24/tests/lstest': No such file or directory
Files results/ls_file.sh.out and results/ls_file.sh.test differ
Files results/invalid_chmod.sh.out and results/invalid_chmod.sh.test differ
output/express/cpfile
farnsworth
leela
output/express/express/leela
rm: cannot remove '/home/bogdan/Documents/INFORMATICĂ/Facultate/PCLP': Directory not empty
Files output/testmv and output/bender differ
ls: cannot access '4': No such file or directory
ls: cannot access '=': No such file or directory
ls: cannot access 'RUST/teme/tema-1/rustybox-TrifanBogdan24/tests/lstest': No such file or directory
Files results/ls_file.sh.out and results/ls_file.sh.test differ
Files results/invalid_chmod.sh.out and results/invalid_chmod.sh.test differ
output/express/cpfile
farnsworth
leela
output/express/express/leela
rm: cannot remove '/home/bogdan/Documents/INFORMATICĂ/Facultate/PCLP': Directory not empty
Files output/testmv and output/bender differ
ls: cannot access '4': No such file or directory
ls: cannot access '=': No such file or directory
ls: cannot access 'RUST/teme/tema-1/rustybox-TrifanBogdan24/tests/lstest': No such file or directory
Files results/ls_file.sh.out and results/ls_file.sh.test differ
Files results/invalid_chmod.sh.out and results/invalid_chmod.sh.test differ
output/express/cpfile
farnsworth
leela
output/express/express/leela
rm: cannot remove '/home/bogdan/Documents/INFORMATICĂ/Facultate/PCLP': Directory not empty
Files output/testmv and output/bender differ
ls: cannot access '4': No such file or directory
ls: cannot access '=': No such file or directory
ls: cannot access 'RUST/teme/tema-1/rustybox-TrifanBogdan24/tests/lstest': No such file or directory
Files results/ls_file.sh.out and results/ls_file.sh.test differ
Files results/invalid_chmod.sh.out and results/invalid_chmod.sh.test differ
output/express/cpfile
farnsworth
leela
output/express/express/leela
rm: cannot remove '/home/bogdan/Documents/INFORMATICĂ/Facultate/PCLP': Directory not empty
Files output/testmv and output/bender differ
ls: cannot access '4': No such file or directory
ls: cannot access '=': No such file or directory
ls: cannot access 'RUST/teme/tema-1/rustybox-TrifanBogdan24/tests/lstest': No such file or directory
Files results/ls_file.sh.out and results/ls_file.sh.test differ
Files results/invalid_chmod.sh.out and results/invalid_chmod.sh.test differ
output/express/cpfile
farnsworth
leela
output/express/express/leela
rm: cannot remove '/home/bogdan/Documents/INFORMATICĂ/Facultate/PCLP': Directory not empty
Files output/testmv and output/bender differ
ls: cannot access '4': No such file or directory
ls: cannot access '=': No such file or directory
ls: cannot access 'RUST/teme/tema-1/rustybox-TrifanBogdan24/tests/lstest': No such file or directory
Files results/ls_file.sh.out and results/ls_file.sh.test differ
output/express/cpfile
farnsworth
leela
output/express/express/leela
rm: cannot remove '/home/bogdan/Documents/INFORMATICĂ/Facultate/PCLP': Directory not empty
Files output/testmv and output/bender differ
ls: cannot access '4': No such file or directory
ls: cannot access '=': No such file or directory
ls: cannot access 'RUST/teme/tema-1/rustybox-TrifanBogdan24/tests/lstest': No such file or directory
Files results/ls_file.sh.out and results/ls_file.sh.test differ
output/express/cpfile
farnsworth
leela
output/express/express/leela
rm: cannot remove '/home/bogdan/Documents/INFORMATICĂ/Facultate/PCLP': Directory not empty
Files output/testmv and output/bender differ
ls: cannot access '4': No such file or directory
ls: cannot access '=': No such file or directory
ls: cannot access 'RUST/teme/tema-1/rustybox-TrifanBogdan24/tests/lstest': No such file or directory
Files results/ls_file.sh.out and results/ls_file.sh.test differ
output/express/cpfile
farnsworth
leela
output/express/express/leela
rm: cannot remove '/home/bogdan/Documents/INFORMATICĂ/Facultate/PCLP': Directory not empty
Files output/testmv and output/bender differ
ls: cannot access '4': No such file or directory
ls: cannot access '=': No such file or directory
ls: cannot access 'RUST/teme/tema-1/rustybox-TrifanBogdan24/tests/lstest': No such file or directory
Files results/ls_file.sh.out and results/ls_file.sh.test differ
output/express/cpfile
farnsworth
leela
output/express/express/leela
rm: cannot remove '/home/bogdan/Documents/INFORMATICĂ/Facultate/PCLP': Directory not empty
Files output/testmv and output/bender differ
ls: cannot access '4': No such file or directory
ls: cannot access '=': No such file or directory
ls: cannot access 'RUST/teme/tema-1/rustybox-TrifanBogdan24/tests/lstest': No such file or directory
Files results/ls_file.sh.out and results/ls_file.sh.test differ
Files results/invalid_parameters2.sh.out and results/invalid_parameters2.sh.test differ
output/express/cpfile
farnsworth
leela
output/express/express/leela
rm: cannot remove '/home/bogdan/Documents/INFORMATICĂ/Facultate/PCLP': Directory not empty
Files output/testmv and output/bender differ
ls: cannot access '4': No such file or directory
ls: cannot access '=': No such file or directory
ls: cannot access 'RUST/teme/tema-1/rustybox-TrifanBogdan24/tests/lstest': No such file or directory
Files results/ls_file.sh.out and results/ls_file.sh.test differ
output/express/cpfile
farnsworth
leela
output/express/express/leela
rm: cannot remove '/home/bogdan/Documents/INFORMATICĂ/Facultate/PCLP': Directory not empty
Files output/testmv and output/bender differ
ls: cannot access '4': No such file or directory
ls: cannot access '=': No such file or directory
ls: cannot access 'RUST/teme/tema-1/rustybox-TrifanBogdan24/tests/lstest': No such file or directory
Files results/ls_file.sh.out and results/ls_file.sh.test differ
output/express/cpfile
farnsworth
leela
output/express/express/leela
rm: cannot remove '/home/bogdan/Documents/INFORMATICĂ/Facultate/PCLP': Directory not empty
Files output/testmv and output/bender differ
Incorrect output.
Incorrect output.
Incorrect output.
Incorrect output.
ls: cannot access '4': No such file or directory
ls: cannot access '=': No such file or directory
ls: cannot access 'RUST/teme/tema-1/rustybox-TrifanBogdan24/tests/lstest': No such file or directory
Files results/ls_file.sh.out and results/ls_file.sh.test differ
output/express/cpfile
farnsworth
leela
output/express/express/leela
rm: cannot remove '/home/bogdan/Documents/INFORMATICĂ/Facultate/PCLP': Directory not empty
Files output/testmv and output/bender differ
ls: cannot access '4': No such file or directory
ls: cannot access '=': No such file or directory
ls: cannot access 'RUST/teme/tema-1/rustybox-TrifanBogdan24/tests/lstest': No such file or directory
Files results/ls_file.sh.out and results/ls_file.sh.test differ
output/express/cpfile
farnsworth
leela
output/express/express/leela
rm: cannot remove '/home/bogdan/Documents/INFORMATICĂ/Facultate/PCLP': Directory not empty
Files output/testmv and output/bender differ
Incorrect output.
Incorrect output.
Incorrect output.
Incorrect output.
ls: cannot access '4': No such file or directory
ls: cannot access '=': No such file or directory
ls: cannot access 'RUST/teme/tema-1/rustybox-TrifanBogdan24/tests/lstest': No such file or directory
Files results/ls_file.sh.out and results/ls_file.sh.test differ
output/express/cpfile
farnsworth
leela
output/express/express/leela
rm: cannot remove '/home/bogdan/Documents/INFORMATICĂ/Facultate/PCLP': Directory not empty
Files output/testmv and output/bender differ
Incorrect output.
Incorrect output.
Incorrect output.
Incorrect output.
ls: cannot access '4': No such file or directory
ls: cannot access '=': No such file or directory
ls: cannot access 'RUST/teme/tema-1/rustybox-TrifanBogdan24/tests/lstest': No such file or directory
Files results/ls_file.sh.out and results/ls_file.sh.test differ
output/express/cpfile
farnsworth
leela
output/express/express/leela
rm: cannot remove '/home/bogdan/Documents/INFORMATICĂ/Facultate/PCLP': Directory not empty
Files output/testmv and output/bender differ
Incorrect output.
Incorrect output.
Incorrect output.
Incorrect output.
ls: cannot access '4': No such file or directory
ls: cannot access '=': No such file or directory
ls: cannot access 'RUST/teme/tema-1/rustybox-TrifanBogdan24/tests/lstest': No such file or directory
Files results/ls_file.sh.out and results/ls_file.sh.test differ
output/express/cpfile
farnsworth
leela
output/express/express/leela
rm: cannot remove '/home/bogdan/Documents/INFORMATICĂ/Facultate/PCLP': Directory not empty
Files output/testmv and output/bender differ
ls: cannot access '4': No such file or directory
ls: cannot access '=': No such file or directory
ls: cannot access 'RUST/teme/tema-1/rustybox-TrifanBogdan24/tests/lstest': No such file or directory
Files results/ls_file.sh.out and results/ls_file.sh.test differ
output/express/cpfile
farnsworth
leela
output/express/express/leela
rm: cannot remove '/home/bogdan/Documents/INFORMATICĂ/Facultate/PCLP': Directory not empty
Files output/testmv and output/bender differ
ls: cannot access '4': No such file or directory
ls: cannot access '=': No such file or directory
ls: cannot access 'RUST/teme/tema-1/rustybox-TrifanBogdan24/tests/lstest': No such file or directory
Files results/ls_file.sh.out and results/ls_file.sh.test differ
output/express/cpfile
farnsworth
leela
output/express/express/leela
rm: cannot remove '/home/bogdan/Documents/INFORMATICĂ/Facultate/PCLP': Directory not empty
Files output/testmv and output/bender differ
Incorrect output.
Incorrect output.
Incorrect output.
Incorrect output.
ls: cannot access '4': No such file or directory
ls: cannot access '=': No such file or directory
ls: cannot access 'RUST/teme/tema-1/rustybox-TrifanBogdan24/tests/lstest': No such file or directory
Files results/ls_file.sh.out and results/ls_file.sh.test differ
Files results/invalid_chmod.sh.out and results/invalid_chmod.sh.test differ
rm: cannot remove '/home/bogdan/Documents/INFORMATICĂ/Facultate/PCLP': Directory not empty
Files output/testmv and output/bender differ
ls: cannot access '4': No such file or directory
ls: cannot access '=': No such file or directory
ls: cannot access 'RUST/teme/tema-1/rustybox-TrifanBogdan24/tests/lstest': No such file or directory
Files results/ls_file.sh.out and results/ls_file.sh.test differ
Files results/invalid_chmod.sh.out and results/invalid_chmod.sh.test differ
rm: cannot remove '/home/bogdan/Documents/INFORMATICĂ/Facultate/PCLP': Directory not empty
Files output/testmv and output/bender differ
ls: cannot access '4': No such file or directory
ls: cannot access '=': No such file or directory
ls: cannot access 'RUST/teme/tema-1/rustybox-TrifanBogdan24/tests/lstest': No such file or directory
Files results/ls_file.sh.out and results/ls_file.sh.test differ
Files results/invalid_chmod.sh.out and results/invalid_chmod.sh.test differ
rm: cannot remove '/home/bogdan/Documents/INFORMATICĂ/Facultate/PCLP': Directory not empty
Files output/testmv and output/bender differ
ls: cannot access '4': No such file or directory
ls: cannot access '=': No such file or directory
ls: cannot access 'RUST/teme/tema-1/rustybox-TrifanBogdan24/tests/lstest': No such file or directory
Files results/ls_file.sh.out and results/ls_file.sh.test differ
output/express/cpfile
farnsworth
leela
output/express/express/leela
rm: cannot remove '/home/bogdan/Documents/INFORMATICĂ/Facultate/PCLP': Directory not empty
Files output/testmv and output/bender differ
ls: cannot access '4': No such file or directory
ls: cannot access '=': No such file or directory
ls: cannot access 'RUST/teme/tema-1/rustybox-TrifanBogdan24/tests/lstest': No such file or directory
Files results/ls_file.sh.out and results/ls_file.sh.test differ
output/express/cpfile
farnsworth
leela
output/express/express/leela
rm: cannot remove '/home/bogdan/Documents/INFORMATICĂ/Facultate/PCLP': Directory not empty
Files output/testmv and output/bender differ
ls: cannot access '4': No such file or directory
ls: cannot access '=': No such file or directory
ls: cannot access 'RUST/teme/tema-1/rustybox-TrifanBogdan24/tests/lstest': No such file or directory
Files results/ls_file.sh.out and results/ls_file.sh.test differ
output/express/cpfile
farnsworth
leela
output/express/express/leela
rm: cannot remove '/home/bogdan/Documents/INFORMATICĂ/Facultate/PCLP': Directory not empty
Files output/testmv and output/bender differ
ls: cannot access '4': No such file or directory
ls: cannot access '=': No such file or directory
ls: cannot access 'RUST/teme/tema-1/rustybox-TrifanBogdan24/tests/lstest': No such file or directory
Files results/ls_file.sh.out and results/ls_file.sh.test differ
output/express/cpfile
farnsworth
leela
output/express/express/leela
rm: cannot remove '/home/bogdan/Documents/INFORMATICĂ/Facultate/PCLP': Directory not empty
Files output/testmv and output/bender differ
ls: cannot access '4': No such file or directory
ls: cannot access '=': No such file or directory
ls: cannot access 'RUST/teme/tema-1/rustybox-TrifanBogdan24/tests/lstest': No such file or directory
Files results/ls_file.sh.out and results/ls_file.sh.test differ
output/express/cpfile
farnsworth
leela
output/express/express/leela
rm: cannot remove '/home/bogdan/Documents/INFORMATICĂ/Facultate/PCLP': Directory not empty
Files output/testmv and output/bender differ
ls: cannot access '4': No such file or directory
ls: cannot access '=': No such file or directory
ls: cannot access 'RUST/teme/tema-1/rustybox-TrifanBogdan24/tests/lstest': No such file or directory
Files results/ls_file.sh.out and results/ls_file.sh.test differ
output/express/cpfile
farnsworth
leela
output/express/express/leela
rm: cannot remove '/home/bogdan/Documents/INFORMATICĂ/Facultate/PCLP': Directory not empty
Files output/testmv and output/bender differ
ls: cannot access '4': No such file or directory
ls: cannot access '=': No such file or directory
ls: cannot access 'RUST/teme/tema-1/rustybox-TrifanBogdan24/tests/lstest': No such file or directory
Files results/ls_file.sh.out and results/ls_file.sh.test differ
output/express/cpfile
farnsworth
leela
output/express/express/leela
rm: cannot remove '/home/bogdan/Documents/INFORMATICĂ/Facultate/PCLP': Directory not empty
Files output/testmv and output/bender differ
ls: cannot access '4': No such file or directory
ls: cannot access '=': No such file or directory
ls: cannot access 'RUST/teme/tema-1/rustybox-TrifanBogdan24/tests/lstest': No such file or directory
Files results/ls_file.sh.out and results/ls_file.sh.test differ
output/express/cpfile
farnsworth
leela
output/express/express/leela
rm: cannot remove '/home/bogdan/Documents/INFORMATICĂ/Facultate/PCLP': Directory not empty
Files output/testmv and output/bender differ
Files results/pwd.sh.out and results/pwd.sh.test differ
Files results/ls_file.sh.out and results/ls_file.sh.test differ
Files results/invalid_chmod.sh.out and results/invalid_chmod.sh.test differ
Files results/invalid_command.sh.out and results/invalid_command.sh.test differ
Files results/invalid_parameters2.sh.out and results/invalid_parameters2.sh.test differ
Files results/invalid_parameters.sh.out and results/invalid_parameters.sh.test differ
Error: ENOENT: no such file or directory, access 'harry'
    at Object.accessSync (fs.js:208:3)
    at Object.<anonymous> (/home/bogdan/Documents/INFORMATICĂ/Python/pythonbox/tests/verify/mkdir/mkdir.js:7:12)
    at Module._compile (internal/modules/cjs/loader.js:999:30)
    at Object.Module._extensions..js (internal/modules/cjs/loader.js:1027:10)
    at Module.load (internal/modules/cjs/loader.js:863:32)
    at Function.Module._load (internal/modules/cjs/loader.js:708:14)
    at Function.executeUserEntryPoint [as runMain] (internal/modules/run_main.js:60:12)
    at internal/main/run_main_module.js:17:47 {
  errno: -2,
  syscall: 'access',
  code: 'ENOENT',
  path: 'harry'
}
Error: ENOENT: no such file or directory, access 'output/harry'
    at Object.accessSync (fs.js:208:3)
    at Object.<anonymous> (/home/bogdan/Documents/INFORMATICĂ/Python/pythonbox/tests/verify/mkdir/mkdir.js:7:12)
    at Module._compile (internal/modules/cjs/loader.js:999:30)
    at Object.Module._extensions..js (internal/modules/cjs/loader.js:1027:10)
    at Module.load (internal/modules/cjs/loader.js:863:32)
    at Function.Module._load (internal/modules/cjs/loader.js:708:14)
    at Function.executeUserEntryPoint [as runMain] (internal/modules/run_main.js:60:12)
    at internal/main/run_main_module.js:17:47 {
  errno: -2,
  syscall: 'access',
  code: 'ENOENT',
  path: 'output/harry'
}
Error: ENOENT: no such file or directory, access 'output/harry'
    at Object.accessSync (fs.js:208:3)
    at Object.<anonymous> (/home/bogdan/Documents/INFORMATICĂ/Python/pythonbox/tests/verify/mkdir/mkdir.js:7:12)
    at Module._compile (internal/modules/cjs/loader.js:999:30)
    at Object.Module._extensions..js (internal/modules/cjs/loader.js:1027:10)
    at Module.load (internal/modules/cjs/loader.js:863:32)
    at Function.Module._load (internal/modules/cjs/loader.js:708:14)
    at Function.executeUserEntryPoint [as runMain] (internal/modules/run_main.js:60:12)
    at internal/main/run_main_module.js:17:47 {
  errno: -2,
  syscall: 'access',
  code: 'ENOENT',
  path: 'output/harry'
}
Error: ENOENT: no such file or directory, access 'harry potter'
    at Object.accessSync (fs.js:208:3)
    at Object.<anonymous> (/home/bogdan/Documents/INFORMATICĂ/Python/pythonbox/tests/verify/mkdir/mkdir.js:7:12)
    at Module._compile (internal/modules/cjs/loader.js:999:30)
    at Object.Module._extensions..js (internal/modules/cjs/loader.js:1027:10)
    at Module.load (internal/modules/cjs/loader.js:863:32)
    at Function.Module._load (internal/modules/cjs/loader.js:708:14)
    at Function.executeUserEntryPoint [as runMain] (internal/modules/run_main.js:60:12)
    at internal/main/run_main_module.js:17:47 {
  errno: -2,
  syscall: 'access',
  code: 'ENOENT',
  path: 'harry potter'
}
python3: can't open file '/home/bogdan/Documents/INFORMATICĂ/Python/pythonbox/tests/../../../src/main.py': [Errno 2] No such file or directory
cat: results/touch_no_create_new.sh.out: No such file or directory
Error: ENOENT: no such file or directory, stat 'ln_lnfile'
    at Object.statSync (fs.js:1016:3)
    at Object.<anonymous> (/home/bogdan/Documents/INFORMATICĂ/Python/pythonbox/tests/verify/ln/ln.js:33:27)
    at Module._compile (internal/modules/cjs/loader.js:999:30)
    at Object.Module._extensions..js (internal/modules/cjs/loader.js:1027:10)
    at Module.load (internal/modules/cjs/loader.js:863:32)
    at Function.Module._load (internal/modules/cjs/loader.js:708:14)
    at Function.executeUserEntryPoint [as runMain] (internal/modules/run_main.js:60:12)
    at internal/main/run_main_module.js:17:47 {
  errno: -2,
  syscall: 'stat',
  code: 'ENOENT',
  path: 'ln_lnfile'
}
Error: ENOENT: no such file or directory, lstat 'ln_lnfile'
    at Object.lstatSync (fs.js:1007:3)
    at Object.<anonymous> (/home/bogdan/Documents/INFORMATICĂ/Python/pythonbox/tests/verify/ln/ln.js:9:27)
    at Module._compile (internal/modules/cjs/loader.js:999:30)
    at Object.Module._extensions..js (internal/modules/cjs/loader.js:1027:10)
    at Module.load (internal/modules/cjs/loader.js:863:32)
    at Function.Module._load (internal/modules/cjs/loader.js:708:14)
    at Function.executeUserEntryPoint [as runMain] (internal/modules/run_main.js:60:12)
    at internal/main/run_main_module.js:17:47 {
  errno: -2,
  syscall: 'lstat',
  code: 'ENOENT',
  path: 'ln_lnfile'
}
Files results/echo_multiple.sh.out and results/echo_multiple.sh.test differ
Files results/echo_newline_multiple.sh.out and results/echo_newline_multiple.sh.test differ
Files results/echo_newline_simple.sh.out and results/echo_newline_simple.sh.test differ
Files results/echo_simple.sh.out and results/echo_simple.sh.test differ
Files results/echo_spaces.sh.out and results/echo_spaces.sh.test differ
Files results/pwd.sh.out and results/pwd.sh.test differ
Files results/ls_file.sh.out and results/ls_file.sh.test differ
Files results/invalid_chmod.sh.out and results/invalid_chmod.sh.test differ
Files results/invalid_command.sh.out and results/invalid_command.sh.test differ
Files results/invalid_parameters2.sh.out and results/invalid_parameters2.sh.test differ
Files results/invalid_parameters.sh.out and results/invalid_parameters.sh.test differ
Error: ENOENT: no such file or directory, access 'harry'
    at Object.accessSync (fs.js:208:3)
    at Object.<anonymous> (/home/bogdan/Documents/INFORMATICĂ/Python/pythonbox/tests/verify/mkdir/mkdir.js:7:12)
    at Module._compile (internal/modules/cjs/loader.js:999:30)
    at Object.Module._extensions..js (internal/modules/cjs/loader.js:1027:10)
    at Module.load (internal/modules/cjs/loader.js:863:32)
    at Function.Module._load (internal/modules/cjs/loader.js:708:14)
    at Function.executeUserEntryPoint [as runMain] (internal/modules/run_main.js:60:12)
    at internal/main/run_main_module.js:17:47 {
  errno: -2,
  syscall: 'access',
  code: 'ENOENT',
  path: 'harry'
}
Error: ENOENT: no such file or directory, access 'output/harry'
    at Object.accessSync (fs.js:208:3)
    at Object.<anonymous> (/home/bogdan/Documents/INFORMATICĂ/Python/pythonbox/tests/verify/mkdir/mkdir.js:7:12)
    at Module._compile (internal/modules/cjs/loader.js:999:30)
    at Object.Module._extensions..js (internal/modules/cjs/loader.js:1027:10)
    at Module.load (internal/modules/cjs/loader.js:863:32)
    at Function.Module._load (internal/modules/cjs/loader.js:708:14)
    at Function.executeUserEntryPoint [as runMain] (internal/modules/run_main.js:60:12)
    at internal/main/run_main_module.js:17:47 {
  errno: -2,
  syscall: 'access',
  code: 'ENOENT',
  path: 'output/harry'
}
Error: ENOENT: no such file or directory, access 'output/harry'
    at Object.accessSync (fs.js:208:3)
    at Object.<anonymous> (/home/bogdan/Documents/INFORMATICĂ/Python/pythonbox/tests/verify/mkdir/mkdir.js:7:12)
    at Module._compile (internal/modules/cjs/loader.js:999:30)
    at Object.Module._extensions..js (internal/modules/cjs/loader.js:1027:10)
    at Module.load (internal/modules/cjs/loader.js:863:32)
    at Function.Module._load (internal/modules/cjs/loader.js:708:14)
    at Function.executeUserEntryPoint [as runMain] (internal/modules/run_main.js:60:12)
    at internal/main/run_main_module.js:17:47 {
  errno: -2,
  syscall: 'access',
  code: 'ENOENT',
  path: 'output/harry'
}
Error: ENOENT: no such file or directory, access 'harry potter'
    at Object.accessSync (fs.js:208:3)
    at Object.<anonymous> (/home/bogdan/Documents/INFORMATICĂ/Python/pythonbox/tests/verify/mkdir/mkdir.js:7:12)
    at Module._compile (internal/modules/cjs/loader.js:999:30)
    at Object.Module._extensions..js (internal/modules/cjs/loader.js:1027:10)
    at Module.load (internal/modules/cjs/loader.js:863:32)
    at Function.Module._load (internal/modules/cjs/loader.js:708:14)
    at Function.executeUserEntryPoint [as runMain] (internal/modules/run_main.js:60:12)
    at internal/main/run_main_module.js:17:47 {
  errno: -2,
  syscall: 'access',
  code: 'ENOENT',
  path: 'harry potter'
}
python3: can't open file '/home/bogdan/Documents/INFORMATICĂ/Python/pythonbox/tests/../../../src/main.py': [Errno 2] No such file or directory
cat: results/touch_no_create_new.sh.out: No such file or directory
Error: ENOENT: no such file or directory, stat 'ln_lnfile'
    at Object.statSync (fs.js:1016:3)
    at Object.<anonymous> (/home/bogdan/Documents/INFORMATICĂ/Python/pythonbox/tests/verify/ln/ln.js:33:27)
    at Module._compile (internal/modules/cjs/loader.js:999:30)
    at Object.Module._extensions..js (internal/modules/cjs/loader.js:1027:10)
    at Module.load (internal/modules/cjs/loader.js:863:32)
    at Function.Module._load (internal/modules/cjs/loader.js:708:14)
    at Function.executeUserEntryPoint [as runMain] (internal/modules/run_main.js:60:12)
    at internal/main/run_main_module.js:17:47 {
  errno: -2,
  syscall: 'stat',
  code: 'ENOENT',
  path: 'ln_lnfile'
}
Error: ENOENT: no such file or directory, lstat 'ln_lnfile'
    at Object.lstatSync (fs.js:1007:3)
    at Object.<anonymous> (/home/bogdan/Documents/INFORMATICĂ/Python/pythonbox/tests/verify/ln/ln.js:9:27)
    at Module._compile (internal/modules/cjs/loader.js:999:30)
    at Object.Module._extensions..js (internal/modules/cjs/loader.js:1027:10)
    at Module.load (internal/modules/cjs/loader.js:863:32)
    at Function.Module._load (internal/modules/cjs/loader.js:708:14)
    at Function.executeUserEntryPoint [as runMain] (internal/modules/run_main.js:60:12)
    at internal/main/run_main_module.js:17:47 {
  errno: -2,
  syscall: 'lstat',
  code: 'ENOENT',
  path: 'ln_lnfile'
}
Files results/echo_multiple.sh.out and results/echo_multiple.sh.test differ
Files results/echo_newline_multiple.sh.out and results/echo_newline_multiple.sh.test differ
Files results/echo_newline_simple.sh.out and results/echo_newline_simple.sh.test differ
Files results/echo_simple.sh.out and results/echo_simple.sh.test differ
Files results/echo_spaces.sh.out and results/echo_spaces.sh.test differ
touch: cannot touch '../../outputfiles/chmod/chmod_add_multiple.txt': No such file or directory
touch: cannot touch '../../testfiles/chmod/chmod_add_multiple.txt': No such file or directory
./verify/chmod/chmod_add_multiple.sh: line 16: ../../outputfiles/chmod/chmod_add_multiple.txt: No such file or directory
./verify/chmod/chmod_add_multiple.sh: line 19: ../../testfiles/chmod/chmod_add_multiple.txt: No such file or directory
./verify/chmod/chmod_add_multiple.sh: line 32: ../../testfiles/chmod/chmod_add_multiple.txt: No such file or directory
cat: results/chmod_add_multiple.sh.out: No such file or directory
cat: results/chmod_add_multiple.sh.test: No such file or directory
touch: cannot touch '../../outputfiles/chmod/chmod_add_one.txt': No such file or directory
touch: cannot touch '../../testfiles/chmod/chmod_add_one.txt': No such file or directory
./verify/chmod/chmod_add_one.sh: line 17: ../../outputfiles/chmod/chmod_add_one.txt: No such file or directory
./verify/chmod/chmod_add_one.sh: line 20: ../../testfiles/chmod/chmod_add_one.txt: No such file or directory
./verify/chmod/chmod_add_one.sh: line 33: ../../testfiles/chmod/chmod_add_one.txt: No such file or directory
cat: results/chmod_add_one.sh.out: No such file or directory
cat: results/chmod_add_one.sh.test: No such file or directory
touch: cannot touch '../../outputfiles/chmod/chmod_add_all.txt': No such file or directory
touch: cannot touch '../../testfiles/chmod/chmod_add_all.txt': No such file or directory
./verify/chmod/chmod_all.sh: line 17: ../../outputfiles/chmod/chmod_add_all.txt: No such file or directory
./verify/chmod/chmod_all.sh: line 20: ../../testfiles/chmod/chmod_add_all.txt: No such file or directory
./verify/chmod/chmod_all.sh: line 33: ../../testfiles/chmod/chmod_add_all.txt: No such file or directory
cat: results/chmod_all.sh.out: No such file or directory
cat: results/chmod_all.sh.test: No such file or directory
touch: cannot touch '../../outputfiles/chmod/chmod_del_multiple.txt': No such file or directory
touch: cannot touch '../../testfiles/chmod/chmod_del_multiple.txt': No such file or directory
./verify/chmod/chmod_del_multiple.sh: line 18: ../../outputfiles/chmod/chmod_del_multiple.txt: No such file or directory
./verify/chmod/chmod_del_multiple.sh: line 19: ../../outputfiles/chmod/chmod_del_multiple.txt: No such file or directory
./verify/chmod/chmod_del_multiple.sh: line 22: ../../testfiles/chmod/chmod_del_multiple.txt: No such file or directory
./verify/chmod/chmod_del_multiple.sh: line 35: ../../testfiles/chmod/chmod_del_multiple.txt: No such file or directory
cat: results/chmod_del_multiple.sh.out: No such file or directory
cat: results/chmod_del_multiple.sh.test: No such file or directory
touch: cannot touch '../../outputfiles/chmod/chmod_del_one.txt': No such file or directory
touch: cannot touch '../../testfiles/chmod/chmod_del_one.txt': No such file or directory
./verify/chmod/chmod_del_one.sh: line 16: ../../outputfiles/chmod/chmod_del_one.txt: No such file or directory
./verify/chmod/chmod_del_one.sh: line 19: ../../testfiles/chmod/chmod_del_one.txt: No such file or directory
./verify/chmod/chmod_del_one.sh: line 32: ../../testfiles/chmod/chmod_del_one.txt: No such file or directory
cat: results/chmod_del_one.sh.out: No such file or directory
cat: results/chmod_del_one.sh.test: No such file or directory
touch: cannot touch '../../outputfiles/chmod/chmod_number.txt': No such file or directory
touch: cannot touch '../../testfiles/chmod/chmod_number.txt': No such file or directory
./verify/chmod/chmod_number.sh: line 16: ../../outputfiles/chmod/chmod_number.txt: No such file or directory
./verify/chmod/chmod_number.sh: line 19: ../../testfiles/chmod/chmod_number.txt: No such file or directory
./verify/chmod/chmod_number.sh: line 32: ../../testfiles/chmod/chmod_number.txt: No such file or directory
cat: results/chmod_number.sh.out: No such file or directory
cat: results/chmod_number.sh.test: No such file or directory
touch: cannot touch '../../outputfiles/chmod/chmod_user_group.txt': No such file or directory
touch: cannot touch '../../testfiles/chmod/chmod_user_group.txt': No such file or directory
./verify/chmod/chmod_user_group.sh: line 16: ../../outputfiles/chmod/chmod_user_group.txt: No such file or directory
./verify/chmod/chmod_user_group.sh: line 19: ../../testfiles/chmod/chmod_user_group.txt: No such file or directory
./verify/chmod/chmod_user_group.sh: line 32: ../../testfiles/chmod/chmod_user_group.txt: No such file or directory
cat: results/chmod_user_group.sh.out: No such file or directory
cat: results/chmod_user_group.sh.test: No such file or directory
touch: cannot touch '../../outputfiles/pwd/pwd.txt': No such file or directory
touch: cannot touch '../../testfiles/pwd/pwd.txt': No such file or directory
./verify/pwd/pwd.sh: line 10: ../../outputfiles/pwd/pwd.txt: No such file or directory
./verify/pwd/pwd.sh: line 12: ../../testfiles/pwd/pwd.txt: No such file or directory
diff: ../../outputfiles/pwd/pwd.txt: No such file or directory
diff: ../../testfiles/pwd/pwd.txt: No such file or directory
./verify/pwd/pwd.sh: line 18: ../../testfiles/pwd/pwd.txt: No such file or directory
cat: results/pwd.sh.out: No such file or directory
cat: results/pwd.sh.test: No such file or directory
touch: cannot touch '../../outputfiles/echo/echo_multiple.txt': No such file or directory
touch: cannot touch '../../testfiles/echo/echo_multiple.txt': No such file or directory
./verify/grep/echo_multiple.sh: line 15: ../../outputfiles/echo/echo_multiple.txt: No such file or directory
./verify/grep/echo_multiple.sh: line 35: ../../testfiles/echo/echo_multiple.txt: No such file or directory
cat: results/echo_multiple.sh.out: No such file or directory
cat: results/echo_multiple.sh.test: No such file or directory
touch: cannot touch '../../outputfiles/grep/echo_nodedescription.txt': No such file or directory
touch: cannot touch '../../testfiles/grep/echo_nodedescription.txt': No such file or directory
./verify/grep/echo_nodescription.sh: line 14: ../../outputfiles/grep/echo_nodedescription.txt: No such file or directory
./verify/grep/echo_nodescription.sh: line 34: ../../testfiles/grep/echo_nodedescription.txt: No such file or directory
cat: results/echo_nodescription.sh.out: No such file or directory
cat: results/echo_nodescription.sh.test: No such file or directory
touch: cannot touch '../../outputfiles/grep/echo_shell.txt': No such file or directory
touch: cannot touch '../../testfiles/grep/echo_shell.txt': No such file or directory
./verify/grep/echo_shell.sh: line 14: ../../outputfiles/grep/echo_shell.txt: No such file or directory
./verify/grep/echo_shell.sh: line 34: ../../testfiles/grep/echo_shell.txt: No such file or directory
cat: results/echo_shell.sh.out: No such file or directory
cat: results/echo_shell.sh.test: No such file or directory
touch: cannot touch '../../outputfiles/grep/grep_simple.txt': No such file or directory
touch: cannot touch '../../testfiles/grep/grep_simpple.txt': No such file or directory
./verify/grep/grep_simple.sh: line 14: ../../outputfiles/grep/grep_simple.txt: No such file or directory
./verify/grep/grep_simple.sh: line 34: ../../testfiles/grep/grep_simpple.txt: No such file or directory
cat: results/grep_simple.sh.out: No such file or directory
cat: results/grep_simple.sh.test: No such file or directory
touch: cannot touch '../../outputfiles/ls/ls_all_r.txt': No such file or directory
touch: cannot touch '../../testfiles/ls/ls_all_r.txt': No such file or directory
./verify/ls/ls_all_r.sh: line 47: ../../outputfiles/ls/ls_all_r.txt: No such file or directory
./verify/ls/ls_all_r.sh: line 50: ../../testfiles/ls/ls_all_r.txt: No such file or directory
cat: results/ls_all_r.sh.out: No such file or directory
cat: results/ls_all_r.sh.test: No such file or directory
touch: cannot touch '../../outputfiles/ls/ls_all.txt': No such file or directory
touch: cannot touch '../../testfiles/ls/ls_all.txt': No such file or directory
./verify/ls/ls_all.sh: line 27: ../../outputfiles/ls/ls_all.txt: No such file or directory
./verify/ls/ls_all.sh: line 30: ../../testfiles/ls/ls_all.txt: No such file or directory
cat: results/ls_all.sh.out: No such file or directory
cat: results/ls_all.sh.test: No such file or directory
touch: cannot touch '../../outputfiles/ls/ls_dir.txt': No such file or directory
touch: cannot touch '../../testfiles/ls/ls_dir.txt': No such file or directory
./verify/ls/ls_dir.sh: line 20: ../../outputfiles/ls/ls_dir.txt: No such file or directory
./verify/ls/ls_dir.sh: line 23: ../../testfiles/ls/ls_dir.txt: No such file or directory
cat: results/ls_dir.sh.out: No such file or directory
cat: results/ls_dir.sh.test: No such file or directory
touch: cannot touch '../../outputfiles/ls/ls_err.txt': No such file or directory
touch: cannot touch '../../testfiles/ls/ls_err.txt': No such file or directory
./verify/ls/ls_err.sh: line 12: ../../outputfiles/ls/ls_err.txt: No such file or directory
./verify/ls/ls_err.sh: line 17: ../../testfiles/ls/ls_err.txt: No such file or directory
cat: results/ls_err.sh.out: No such file or directory
cat: results/ls_err.sh.test: No such file or directory
touch: cannot touch '../../outputfiles/ls/ls_file.txt': No such file or directory
touch: cannot touch '../../testfiles/ls/ls_file.txt': No such file or directory
./verify/ls/ls_file.sh: line 14: ../../outputfiles/ls/ls_file.txt: No such file or directory
./verify/ls/ls_file.sh: line 19: ../../testfiles/ls/ls_file.txt: No such file or directory
diff: ../../outputfiles/ls/ls_file.txt: No such file or directory
diff: ../../testfiles/ls/ls_file.txt: No such file or directory
./verify/ls/ls_file.sh: line 24: ../../testfiles/ls/ls_file.txt: No such file or directory
cat: results/ls_file.sh.out: No such file or directory
cat: results/ls_file.sh.test: No such file or directory
touch: cannot touch '../../outputfiles/ls/ls_l_r.txt': No such file or directory
touch: cannot touch '../../testfiles/ls/ls_l_r.txt': No such file or directory
./verify/ls/ls_l_r.sh: line 11: ../../outputfiles/ls/ls_l_r.txt: No such file or directory
./verify/ls/ls_l_r.sh: line 16: ../../testfiles/ls/ls_l_r.txt: No such file or directory
cat: results/ls_l_r.sh.out: No such file or directory
cat: results/ls_l_r.sh.test: No such file or directory
touch: cannot touch '../../outputfiles/ls/ls_l.txt': No such file or directory
touch: cannot touch '../../testfiles/ls/ls_ls.txt': No such file or directory
./verify/ls/ls_l.sh: line 11: ../../outputfiles/ls/ls_l.txt: No such file or directory
./verify/ls/ls_l.sh: line 16: ../../testfiles/ls/ls_ls.txt: No such file or directory
cat: results/ls_l.sh.out: No such file or directory
cat: results/ls_l.sh.test: No such file or directory
touch: cannot touch '../../outputfiles/ls/ls_r.txt': No such file or directory
touch: cannot touch '../../testfiles/ls/ls_r.txt': No such file or directory
./verify/ls/ls_r.sh: line 34: ../../outputfiles/ls/ls_r.txt: No such file or directory
./verify/ls/ls_r.sh: line 37: ../../testfiles/ls/ls_r.txt: No such file or directory
cat: results/ls_r.sh.out: No such file or directory
cat: results/ls_r.sh.test: No such file or directory
touch: cannot touch '../../outputfiles/ls/ls_simple.txt': No such file or directory
touch: cannot touch '../../testfiles/ls/ls_simple.txt': No such file or directory
./verify/ls/ls_simple.sh: line 11: ../../outputfiles/ls/ls_simple.txt: No such file or directory
./verify/ls/ls_simple.sh: line 16: ../../testfiles/ls/ls_simple.txt: No such file or directory
cat: results/ls_simple.sh.out: No such file or directory
cat: results/ls_simple.sh.test: No such file or directory
touch: cannot touch '../../outputfiles/invalid/invalid_chmod.txt': No such file or directory
touch: cannot touch '../../testfiles/invalid/invalid_chmod.txt': No such file or directory
./verify/invalid/invalid_chmod.sh: line 10: ../../outputfiles/invalid/invalid_chmod.txt: No such file or directory
./verify/invalid/invalid_chmod.sh: line 13: ../../testfiles/invalid/invalid_chmod.txt: No such file or directory
diff: ../../outputfiles/invalid/invalid_chmod.txt: No such file or directory
diff: ../../testfiles/invalid/invalid_chmod.txt: No such file or directory
./verify/invalid/invalid_chmod.sh: line 18: ../../testfiles/invalid/invalid_chmod.txt: No such file or directory
cat: results/invalid_chmod.sh.out: No such file or directory
cat: results/invalid_chmod.sh.test: No such file or directory
touch: cannot touch '../../outputfiles/invalid/invalid_command.txt': No such file or directory
touch: cannot touch '../../testfiles/invalid/invalid_command.txt': No such file or directory
./verify/invalid/invalid_command.sh: line 10: ../../outputfiles/invalid/invalid_command.txt: No such file or directory
./verify/invalid/invalid_command.sh: line 13: ../../testfiles/invalid/invalid_command.txt: No such file or directory
diff: ../../outputfiles/invalid/invalid_command.txt: No such file or directory
diff: ../../testfiles/invalid/invalid_command.txt: No such file or directory
./verify/invalid/invalid_command.sh: line 18: ../../testfiles/invalid/invalid_command.txt: No such file or directory
cat: results/invalid_command.sh.out: No such file or directory
cat: results/invalid_command.sh.test: No such file or directory
touch: cannot touch '../../outputfiles/invalid/invalid_parameters2.txt': No such file or directory
touch: cannot touch '../../testfiles/invalid/invalid_parameters2.txt': No such file or directory
./verify/invalid/invalid_parameters2.sh: line 10: ../../outputfiles/invalid/invalid_parameters2.txt: No such file or directory
./verify/invalid/invalid_parameters2.sh: line 13: ../../testfiles/invalid/invalid_parameters2.txt: No such file or directory
diff: ../../outputfiles/invalid/invalid_parameters2.txt: No such file or directory
diff: ../../testfiles/invalid/invalid_parameters2.txt: No such file or directory
./verify/invalid/invalid_parameters2.sh: line 18: ../../testfiles/invalid/invalid_parameters2.txt: No such file or directory
cat: results/invalid_parameters2.sh.out: No such file or directory
cat: results/invalid_parameters2.sh.test: No such file or directory
touch: cannot touch '../../outputfiles/invalid/invalid_parameters.txt': No such file or directory
touch: cannot touch '../../testfiles/invalid/invalid_parameters.txt': No such file or directory
./verify/invalid/invalid_parameters.sh: line 10: ../../outputfiles/invalid/invalid_parameters.txt: No such file or directory
./verify/invalid/invalid_parameters.sh: line 13: ../../testfiles/invalid/invalid_parameters.txt: No such file or directory
diff: ../../outputfiles/invalid/invalid_parameters.txt: No such file or directory
diff: ../../testfiles/invalid/invalid_parameters.txt: No such file or directory
./verify/invalid/invalid_parameters.sh: line 18: ../../testfiles/invalid/invalid_parameters.txt: No such file or directory
cat: results/invalid_parameters.sh.out: No such file or directory
cat: results/invalid_parameters.sh.test: No such file or directory
touch: cannot touch '../../outputfiles/cp/cp_error_dir.txt': No such file or directory
touch: cannot touch '../../testfiles/cp/cp_error_dir.txt': No such file or directory
./verify/cp/cp_error_dir.sh: line 15: ../../outputfiles/cp/cp_error_dir.txt: No such file or directory
./verify/cp/cp_error_dir.sh: line 22: ../../testfiles/cp/cp_error_dir.txt: No such file or directory
cat: results/cp_error_dir.sh.out: No such file or directory
cat: results/cp_error_dir.sh.test: No such file or directory
touch: cannot touch '../../outputfiles/cp/cp_error_file.txt': No such file or directory
touch: cannot touch '../../testfiles/cp/cp_error_file.txt': No such file or directory
./verify/cp/cp_error_file.sh: line 10: ../../outputfiles/cp/cp_error_file.txt: No such file or directory
./verify/cp/cp_error_file.sh: line 15: ../../testfiles/cp/cp_error_file.txt: No such file or directory
cat: results/cp_error_file.sh.out: No such file or directory
cat: results/cp_error_file.sh.test: No such file or directory
touch: cannot touch '../../outputfiles/cp/cp_rename_dir.txt': No such file or directory
touch: cannot touch '../../testfiles/cp/cp_rename_dir.txt': No such file or directory
./verify/cp/cp_rename_dir.sh: line 19: ../../outputfiles/cp/cp_rename_dir.txt: No such file or directory
./verify/cp/cp_rename_dir.sh: line 22: ../../testfiles/cp/cp_rename_dir.txt: No such file or directory
./verify/cp/cp_rename_dir.sh: line 56: ../../testfiles/cp/cp_rename_dir.txt: No such file or directory
cat: results/cp_rename_dir.sh.out: No such file or directory
cat: results/cp_rename_dir.sh.test: No such file or directory
touch: cannot touch '../../outputfiles/cp/cp_r_file.txt': No such file or directory
touch: cannot touch '../../testfiles/cp/cp_r_file.txt': No such file or directory
./verify/cp/cp_r_file.sh: line 13: ../../outputfiles/cp/cp_r_file.txt: No such file or directory
./verify/cp/cp_r_file.sh: line 16: ../../testfiles/cp/cp_r_file.txt: No such file or directory
./verify/cp/cp_r_file.sh: line 40: ../../testfiles/cp/cp_r_file.txt: No such file or directory
cat: results/cp_r_file.sh.out: No such file or directory
cat: results/cp_r_file.sh.test: No such file or directory
touch: cannot touch '../../outputfiles/cp/cp_r.txt': No such file or directory
touch: cannot touch '../../testfiles/cp/cp_r.txt': No such file or directory
./verify/cp/cp_r.sh: line 16: ../../outputfiles/cp/cp_r.txt: No such file or directory
./verify/cp/cp_r.sh: line 19: ../../testfiles/cp/cp_r.txt: No such file or directory
./verify/cp/cp_r.sh: line 53: ../../testfiles/cp/cp_r.txt: No such file or directory
cat: results/cp_r.sh.out: No such file or directory
cat: results/cp_r.sh.test: No such file or directory
touch: cannot touch '../../outputfiles/cp/cp_simple_file.txt': No such file or directory
touch: cannot touch '../../testfiles/cp/cp_simple_file.txt': No such file or directory
./verify/cp/cp_simple_file.sh: line 14: ../../outputfiles/cp/cp_simple_file.txt: No such file or directory
./verify/cp/cp_simple_file.sh: line 17: ../../testfiles/cp/cp_simple_file.txt: No such file or directory
./verify/cp/cp_simple_file.sh: line 41: ../../testfiles/cp/cp_simple_file.txt: No such file or directory
cat: results/cp_simple_file.sh.out: No such file or directory
cat: results/cp_simple_file.sh.test: No such file or directory
touch: cannot touch '../../outputfiles/cp/cp_simple_rename.txt': No such file or directory
touch: cannot touch '../../testfiles/cp/cp_simple_rename.txt': No such file or directory
./verify/cp/cp_simple_rename.sh: line 12: ../../outputfiles/cp/cp_simple_rename.txt: No such file or directory
./verify/cp/cp_simple_rename.sh: line 15: ../../testfiles/cp/cp_simple_rename.txt: No such file or directory
./verify/cp/cp_simple_rename.sh: line 39: ../../testfiles/cp/cp_simple_rename.txt: No such file or directory
cat: results/cp_simple_rename.sh.out: No such file or directory
cat: results/cp_simple_rename.sh.test: No such file or directory
touch: cannot touch '../../outputfiles/cat/cat_error.txt': No such file or directory
touch: cannot touch '../../testfiles/cat/cat_error.txt': No such file or directory
./verify/cat/cat_error.sh: line 12: ../../outputfiles/cat/cat_error.txt: No such file or directory
./verify/cat/cat_error.sh: line 17: ../../testfiles/cat/cat_error.txt: No such file or directory
cat: results/cat_error.sh.out: No such file or directory
cat: results/cat_error.sh.test: No such file or directory
touch: cannot touch '../../outputfiles/cat/cat_simple.txt': No such file or directory
touch: cannot touch '../../testfiles/cat/cat_simple.txt': No such file or directory
./verify/cat/cat_simple.sh: line 12: ../../outputfiles/cat/cat_simple.txt: No such file or directory
./verify/cat/cat_simple.sh: line 29: ../../testfiles/cat/cat_simple.txt: No such file or directory
cat: results/cat_simple.sh.out: No such file or directory
cat: results/cat_simple.sh.test: No such file or directory
touch: cannot touch '../../outputfiles/cat/cat_triple.txt': No such file or directory
touch: cannot touch '../../testfiles/pwd/cat_trile.txt': No such file or directory
./verify/cat/cat_triple.sh: line 18: ../../outputfiles/cat/cat_triple.txt: No such file or directory
./verify/cat/cat_triple.sh: line 35: ../../testfiles/pwd/cat_trile.txt: No such file or directory
cat: results/cat_triple.sh.out: No such file or directory
cat: results/cat_triple.sh.test: No such file or directory
touch: cannot touch '../../outputfiles/mkdir/mkdir_error.txt': No such file or directory
touch: cannot touch '../../testfiles/mkdir/mkdir_error.txt': No such file or directory
./verify/mkdir/mkdir_error.sh: line 14: ../../outputfiles/mkdir/mkdir_error.txt: No such file or directory
./verify/mkdir/mkdir_error.sh: line 19: ../../testfiles/mkdir/mkdir_error.txt: No such file or directory
cat: results/mkdir_error.sh.out: No such file or directory
cat: results/mkdir_error.sh.test: No such file or directory
touch: cannot touch '../../outputfiles/mkdir/mkdir_multiple.txt': No such file or directory
touch: cannot touch '../../testfiles/mkdir/mkdir_multiple.txt': No such file or directory
./verify/mkdir/mkdir_multiple.sh: line 12: ../../outputfiles/mkdir/mkdir_multiple.txt: No such file or directory
./verify/mkdir/mkdir_multiple.sh: line 15: ../../testfiles/mkdir/mkdir_multiple.txt: No such file or directory
cat: results/mkdir_multiple.sh.out: No such file or directory
cat: results/mkdir_multiple.sh.test: No such file or directory
touch: cannot touch '../../outputfiles/mkdir/mkdir_path_multiple.txt': No such file or directory
touch: cannot touch '../../testfiles/mkdir/mkdir_path_multiple.txt': No such file or directory
./verify/mkdir/mkdir_path_multiple.sh: line 13: ../../outputfiles/mkdir/mkdir_path_multiple.txt: No such file or directory
./verify/mkdir/mkdir_path_multiple.sh: line 16: ../../testfiles/mkdir/mkdir_path_multiple.txt: No such file or directory
cat: results/mkdir_path_multiple.sh.out: No such file or directory
cat: results/mkdir_path_multiple.sh.test: No such file or directory
touch: cannot touch '../../outputfiles/mkdir/mkdir_path.txt': No such file or directory
touch: cannot touch '../../testfiles/mkdir/mkdir_path.txt': No such file or directory
./verify/mkdir/mkdir_path.sh: line 12: ../../outputfiles/mkdir/mkdir_path.txt: No such file or directory
./verify/mkdir/mkdir_path.sh: line 15: ../../testfiles/mkdir/mkdir_path.txt: No such file or directory
cat: results/mkdir_path.sh.out: No such file or directory
cat: results/mkdir_path.sh.test: No such file or directory
touch: cannot touch '../../outputfiles/mkdir/mkdir_simple.txt': No such file or directory
touch: cannot touch '../../testfiles/mkdir/mkdir_simple.txt': No such file or directory
./verify/mkdir/mkdir_simple.sh: line 12: ../../outputfiles/mkdir/mkdir_simple.txt: No such file or directory
./verify/mkdir/mkdir_simple.sh: line 15: ../../testfiles/mkdir/mkdir_simple.txt: No such file or directory
cat: results/mkdir_simple.sh.out: No such file or directory
cat: results/mkdir_simple.sh.test: No such file or directory
touch: cannot touch '../../outputfiles/mkdir/mkdir_spaces.txt': No such file or directory
touch: cannot touch '../../testfiles/mkdir/mkdir_spaces.txt': No such file or directory
./verify/mkdir/mkdir_spaces.sh: line 12: ../../outputfiles/mkdir/mkdir_spaces.txt: No such file or directory
./verify/mkdir/mkdir_spaces.sh: line 15: ../../testfiles/mkdir/mkdir_spaces.txt: No such file or directory
cat: results/mkdir_spaces.sh.out: No such file or directory
cat: results/mkdir_spaces.sh.test: No such file or directory
python3: can't open file '/home/bogdan/Documents/INFORMATICĂ/Python/pythonbox/tests/../../../src/main.py': [Errno 2] No such file or directory
cat: results/touch_no_create_new.sh.out: No such file or directory
touch: cannot touch '../../outputfiles/ln/ln_error.txt': No such file or directory
touch: cannot touch '../../testfiles/ln/ln_error.txt': No such file or directory
./verify/ln/ln_error.sh: line 13: ../../outputfiles/ln/ln_error.txt: No such file or directory
./verify/ln/ln_error.sh: line 20: ../../testfiles/ln/ln_error.txt: No such file or directory
cat: results/ln_error.sh.out: No such file or directory
cat: results/ln_error.sh.test: No such file or directory
touch: cannot touch '../../outputfiles/ln/ln_simple.txt': No such file or directory
touch: cannot touch '../../testfiles/ln/ln_simple.txt': No such file or directory
./verify/ln/ln_simple.sh: line 12: ../../outputfiles/ln/ln_simple.txt: No such file or directory
./verify/ln/ln_simple.sh: line 15: ../../testfiles/ln/ln_simple.txt: No such file or directory
cat: results/ln_simple.sh.out: No such file or directory
cat: results/ln_simple.sh.test: No such file or directory
touch: cannot touch '../../outputfiles/ln/ln_s.txt': No such file or directory
touch: cannot touch '../../testfiles/ln/ln_s.txt': No such file or directory
./verify/ln/ln_s.sh: line 12: ../../outputfiles/ln/ln_s.txt: No such file or directory
./verify/ln/ln_s.sh: line 15: ../../testfiles/ln/ln_s.txt: No such file or directory
cat: results/ln_s.sh.out: No such file or directory
cat: results/ln_s.sh.test: No such file or directory
touch: cannot touch '../../outputfiles/ln/ln_symbolic.txt': No such file or directory
touch: cannot touch '../../testfiles/ln/ln_symbolic.txt': No such file or directory
./verify/ln/ln_symbolic.sh: line 12: ../../outputfiles/ln/ln_symbolic.txt: No such file or directory
./verify/ln/ln_symbolic.sh: line 15: ../../testfiles/ln/ln_symbolic.txt: No such file or directory
cat: results/ln_symbolic.sh.out: No such file or directory
cat: results/ln_symbolic.sh.test: No such file or directory
touch: cannot touch '../../outputfiles/echo/echo_multiple.txt': No such file or directory
touch: cannot touch '../../testfiles/echo/echo_multiple.txt': No such file or directory
./verify/echo/echo_multiple.sh: line 10: ../../outputfiles/echo/echo_multiple.txt: No such file or directory
./verify/echo/echo_multiple.sh: line 12: ../../testfiles/echo/echo_multiple.txt: No such file or directory
diff: ../../outputfiles/echo/echo_multiple.txt: No such file or directory
diff: ../../testfiles/echo/echo_multiple.txt: No such file or directory
./verify/echo/echo_multiple.sh: line 17: ../../testfiles/echo/echo_multiple.txt: No such file or directory
cat: results/echo_multiple.sh.out: No such file or directory
cat: results/echo_multiple.sh.test: No such file or directory
touch: cannot touch '../../outputfiles/echo/echo_newline_multiple.txt': No such file or directory
touch: cannot touch '../../testfiles/echo/echo_newline_multiple.txt': No such file or directory
./verify/echo/echo_newline_multiple.sh: line 10: ../../outputfiles/echo/echo_newline_multiple.txt: No such file or directory
./verify/echo/echo_newline_multiple.sh: line 12: ../../testfiles/echo/echo_newline_multiple.txt: No such file or directory
diff: ../../outputfiles/echo/echo_newline_multiple.txt: No such file or directory
diff: ../../testfiles/echo/echo_newline_multiple.txt: No such file or directory
./verify/echo/echo_newline_multiple.sh: line 17: ../../testfiles/echo/echo_newline_multiple.txt: No such file or directory
cat: results/echo_newline_multiple.sh.out: No such file or directory
cat: results/echo_newline_multiple.sh.test: No such file or directory
touch: cannot touch '../../outputfiles/echo/echo_newline_simple.txt': No such file or directory
touch: cannot touch '../../testfiles/echo/echo_newline_simple.txt': No such file or directory
./verify/echo/echo_newline_simple.sh: line 10: ../../outputfiles/echo/echo_newline_simple.txt: No such file or directory
./verify/echo/echo_newline_simple.sh: line 12: ../../testfiles/echo/echo_newline_simple.txt: No such file or directory
diff: ../../outputfiles/echo/echo_newline_simple.txt: No such file or directory
diff: ../../testfiles/echo/echo_newline_simple.txt: No such file or directory
./verify/echo/echo_newline_simple.sh: line 18: ../../testfiles/echo/echo_newline_simple.txt: No such file or directory
cat: results/echo_newline_simple.sh.out: No such file or directory
cat: results/echo_newline_simple.sh.test: No such file or directory
touch: cannot touch '../../outputfiles/echo/echo_simple.txt': No such file or directory
touch: cannot touch '../../testfiles/echo/echo_simple.txt': No such file or directory
./verify/echo/echo_simple.sh: line 11: ../../outputfiles/echo/echo_simple.txt: No such file or directory
./verify/echo/echo_simple.sh: line 13: ../../testfiles/echo/echo_simple.txt: No such file or directory
diff: ../../outputfiles/echo/echo_simple.txt: No such file or directory
diff: ../../testfiles/echo/echo_simple.txt: No such file or directory
./verify/echo/echo_simple.sh: line 19: ../../testfiles/echo/echo_simple.txt: No such file or directory
cat: results/echo_simple.sh.out: No such file or directory
cat: results/echo_simple.sh.test: No such file or directory
touch: cannot touch '../../outputfiles/echo/echo_spaces.txt': No such file or directory
touch: cannot touch '../../testfiles/echo/echo_spaces.txt': No such file or directory
./verify/echo/echo_spaces.sh: line 10: ../../outputfiles/echo/echo_spaces.txt: No such file or directory
./verify/echo/echo_spaces.sh: line 12: ../../testfiles/echo/echo_spaces.txt: No such file or directory
diff: ../../outputfiles/echo/echo_spaces.txt: No such file or directory
diff: ../../testfiles/echo/echo_spaces.txt: No such file or directory
./verify/echo/echo_spaces.sh: line 18: ../../testfiles/echo/echo_spaces.txt: No such file or directory
cat: results/echo_spaces.sh.out: No such file or directory
cat: results/echo_spaces.sh.test: No such file or directory
